2019-12-04 15:02:12.860 [restartedMain] INFO  org.springframework.context.annotation.AnnotationConfigApplicationContext - Refreshing org.springframework.context.annotation.AnnotationConfigApplicationContext@53e1f46d: startup date [Wed Dec 04 15:02:12 CST 2019]; root of context hierarchy
2019-12-04 15:02:16.527 [restartedMain] INFO  org.springframework.beans.factory.annotation.AutowiredAnnotationBeanPostProcessor - JSR-330 'javax.inject.Inject' annotation found and supported for autowiring
2019-12-04 15:02:17.183 [restartedMain] INFO  org.springframework.context.support.PostProcessorRegistrationDelegate$BeanPostProcessorChecker - Bean 'configurationPropertiesRebinderAutoConfiguration' of type [org.springframework.cloud.autoconfigure.ConfigurationPropertiesRebinderAutoConfiguration$$EnhancerBySpringCGLIB$$484f298d] is not eligible for getting processed by all BeanPostProcessors (for example: not eligible for auto-proxying)
2019-12-04 15:02:27.207 [restartedMain] INFO  org.springframework.cloud.config.client.ConfigServicePropertySourceLocator - Fetching config from server at: http://localhost:8888
2019-12-04 15:02:29.150 [restartedMain] INFO  com.travel.api.InformationApplication - No active profile set, falling back to default profiles: default
2019-12-04 15:02:29.194 [restartedMain] INFO  org.springframework.boot.web.servlet.context.AnnotationConfigServletWebServerApplicationContext - Refreshing org.springframework.boot.web.servlet.context.AnnotationConfigServletWebServerApplicationContext@294e9947: startup date [Wed Dec 04 15:02:29 CST 2019]; parent: org.springframework.context.annotation.AnnotationConfigApplicationContext@53e1f46d
2019-12-04 15:02:45.319 [restartedMain] INFO  org.springframework.beans.factory.support.DefaultListableBeanFactory - Overriding bean definition for bean 'environmentWebEndpointExtension' with a different definition: replacing [Root bean: class [null]; scope=; abstract=false; lazyInit=false; autowireMode=3; dependencyCheck=0; autowireCandidate=true; primary=false; factoryBeanName=org.springframework.boot.actuate.autoconfigure.env.EnvironmentEndpointAutoConfiguration; factoryMethodName=environmentWebEndpointExtension; initMethodName=null; destroyMethodName=(inferred); defined in class path resource [org/springframework/boot/actuate/autoconfigure/env/EnvironmentEndpointAutoConfiguration.class]] with [Root bean: class [null]; scope=; abstract=false; lazyInit=false; autowireMode=3; dependencyCheck=0; autowireCandidate=true; primary=false; factoryBeanName=org.springframework.cloud.autoconfigure.LifecycleMvcEndpointAutoConfiguration$EndpointConfiguration; factoryMethodName=environmentWebEndpointExtension; initMethodName=null; destroyMethodName=(inferred); defined in class path resource [org/springframework/cloud/autoconfigure/LifecycleMvcEndpointAutoConfiguration$EndpointConfiguration.class]]
2019-12-04 15:02:47.682 [restartedMain] INFO  org.springframework.cloud.context.scope.GenericScope - BeanFactory id=de6d0ea9-2238-3c7b-a012-84338e774799
2019-12-04 15:02:47.776 [restartedMain] INFO  org.springframework.beans.factory.annotation.AutowiredAnnotationBeanPostProcessor - JSR-330 'javax.inject.Inject' annotation found and supported for autowiring
2019-12-04 15:02:50.773 [restartedMain] INFO  org.springframework.context.support.PostProcessorRegistrationDelegate$BeanPostProcessorChecker - Bean 'org.springframework.cloud.autoconfigure.ConfigurationPropertiesRebinderAutoConfiguration' of type [org.springframework.cloud.autoconfigure.ConfigurationPropertiesRebinderAutoConfiguration$$EnhancerBySpringCGLIB$$484f298d] is not eligible for getting processed by all BeanPostProcessors (for example: not eligible for auto-proxying)
2019-12-04 15:03:01.675 [restartedMain] INFO  org.springframework.boot.web.embedded.tomcat.TomcatWebServer - Tomcat initialized with port(s): 10003 (http)
2019-12-04 15:03:01.836 [restartedMain] INFO  org.apache.coyote.http11.Http11NioProtocol - Initializing ProtocolHandler ["http-nio-10003"]
2019-12-04 15:03:01.988 [restartedMain] INFO  org.apache.catalina.core.StandardService - Starting service [Tomcat]
2019-12-04 15:03:02.054 [restartedMain] INFO  org.apache.catalina.core.StandardEngine - Starting Servlet Engine: Apache Tomcat/8.5.29
2019-12-04 15:03:02.197 [localhost-startStop-1] INFO  org.apache.catalina.core.AprLifecycleListener - The APR based Apache Tomcat Native library which allows optimal performance in production environments was not found on the java.library.path: [C:\Program Files\Java\jdk1.8.0_161\bin;C:\WINDOWS\Sun\Java\bin;C:\WINDOWS\system32;C:\WINDOWS;C:\ProgramData\Oracle\Java\javapath;C:\windows\system32;C:\windows;C:\windows\System32\Wbem;C:\windows\System32\WindowsPowerShell\v1.0\;C:\Program Files (x86)\NVIDIA Corporation\PhysX\Common;C:\WINDOWS\system32;C:\WINDOWS;C:\WINDOWS\System32\Wbem;C:\WINDOWS\System32\WindowsPowerShell\v1.0\;C:\Program Files\Microsoft\Web Platform Installer\;C:\Program Files (x86)\Microsoft ASP.NET\ASP.NET Web Pages\v1.0\;E:\Get\Git\cmd;E:\Git\Git\cmd;C:\Program Files\Microsoft SQL Server\110\Tools\Binn\;E:\小乌龟可视化\bin;C:\Program Files (x86)\Microsoft SQL Server\140\Tools\Binn\;C:\Program Files\Microsoft SQL Server\140\Tools\Binn\;C:\Program Files (x86)\Microsoft SQL Server\140\DTS\Binn\;C:\Program Files\Microsoft SQL Server\140\DTS\Binn\;C:\Program Files\Microsoft SQL Server\Client SDK\ODBC\130\Tools\Binn\;C:\Program Files (x86)\Microsoft SQL Server\Client SDK\ODBC\130\Tools\Binn\;C:\Program Files (x86)\Microsoft SQL Server\140\Tools\Binn\ManagementStudio\;C:\WINDOWS\System32\OpenSSH\;E:\JS-advanced\nvm\nvm;C:\Program Files\nodejs;E:\JS-advanced;E:\BaiduNetdiskDownload\Microsoft VS Code\bin;E:\AndroidDevTools\android-sdk-windows\platform-tools;E:\AndroidDevTools\android-sdk-windows\tools;E:\AndroidDevTools\gradle-4.5\bin;C:\Users\Administrator\AppData\Local\Microsoft\WindowsApps;E:\BaiduNetdiskDownload\Microsoft VS Code\bin;C:\Users\Administrator\AppData\Roaming\npm;E:\JS-advanced\nvm\nvm;C:\Program Files\nodejs;C:\ProgramData\Microsoft\Windows\Start Menu\Programs\Node.js;C:\ProgramData\Microsoft\Windows\Start Menu\Programs\Node.js;C:\Program Files\Java\jdk1.8.0_161\bin;;.]
2019-12-04 15:03:04.829 [localhost-startStop-1] INFO  org.apache.catalina.core.ContainerBase.[Tomcat].[localhost].[/] - Initializing Spring embedded WebApplicationContext
2019-12-04 15:03:04.830 [localhost-startStop-1] INFO  org.springframework.web.context.ContextLoader - Root WebApplicationContext: initialization completed in 35636 ms
2019-12-04 15:03:34.355 [localhost-startStop-1] INFO  org.mongodb.driver.cluster - Cluster created with settings {hosts=[travelproject.top:27017], mode=SINGLE, requiredClusterType=UNKNOWN, serverSelectionTimeout='30000 ms', maxWaitQueueSize=500}
2019-12-04 15:03:34.734 [cluster-ClusterId{value='5de75a4638551dc59026b6b3', description='null'}-travelproject.top:27017] INFO  org.mongodb.driver.cluster - Exception in monitor thread while connecting to server travelproject.top:27017
com.mongodb.MongoSocketException: travelproject.top
	at com.mongodb.ServerAddress.getSocketAddress(ServerAddress.java:188)
	at com.mongodb.connection.SocketStreamHelper.initialize(SocketStreamHelper.java:59)
	at com.mongodb.connection.SocketStream.open(SocketStream.java:57)
	at com.mongodb.connection.InternalStreamConnection.open(InternalStreamConnection.java:126)
	at com.mongodb.connection.DefaultServerMonitor$ServerMonitorRunnable.run(DefaultServerMonitor.java:114)
	at java.lang.Thread.run(Thread.java:748)
Caused by: java.net.UnknownHostException: travelproject.top
	at java.net.Inet6AddressImpl.lookupAllHostAddr(Native Method)
	at java.net.InetAddress$2.lookupAllHostAddr(InetAddress.java:928)
	at java.net.InetAddress.getAddressesFromNameService(InetAddress.java:1323)
	at java.net.InetAddress.getAllByName0(InetAddress.java:1276)
	at java.net.InetAddress.getAllByName(InetAddress.java:1192)
	at java.net.InetAddress.getAllByName(InetAddress.java:1126)
	at java.net.InetAddress.getByName(InetAddress.java:1076)
	at com.mongodb.ServerAddress.getSocketAddress(ServerAddress.java:186)
	... 5 common frames omitted
2019-12-04 15:04:12.859 [localhost-startStop-1] INFO  org.springframework.boot.web.servlet.ServletRegistrationBean - Servlet dispatcherServlet mapped to [/]
2019-12-04 15:04:13.074 [localhost-startStop-1] INFO  org.springframework.boot.web.servlet.FilterRegistrationBean - Mapping filter: 'characterEncodingFilter' to: [/*]
2019-12-04 15:04:13.075 [localhost-startStop-1] INFO  org.springframework.boot.web.servlet.FilterRegistrationBean - Mapping filter: 'hiddenHttpMethodFilter' to: [/*]
2019-12-04 15:04:13.075 [localhost-startStop-1] INFO  org.springframework.boot.web.servlet.FilterRegistrationBean - Mapping filter: 'httpPutFormContentFilter' to: [/*]
2019-12-04 15:04:13.075 [localhost-startStop-1] INFO  org.springframework.boot.web.servlet.FilterRegistrationBean - Mapping filter: 'requestContextFilter' to: [/*]
2019-12-04 15:04:13.075 [localhost-startStop-1] INFO  org.springframework.boot.web.servlet.FilterRegistrationBean - Mapping filter: 'httpTraceFilter' to: [/*]
2019-12-04 15:04:13.077 [localhost-startStop-1] INFO  org.springframework.boot.web.servlet.FilterRegistrationBean - Mapping filter: 'webMvcMetricsFilter' to: [/*]
2019-12-04 15:04:14.108 [restartedMain] INFO  com.netflix.config.sources.URLConfigurationSource - To enable URLs as dynamic configuration sources, define System property archaius.configurationSource.additionalUrls or make config.properties available on classpath.
2019-12-04 15:04:14.212 [restartedMain] INFO  com.netflix.config.sources.URLConfigurationSource - To enable URLs as dynamic configuration sources, define System property archaius.configurationSource.additionalUrls or make config.properties available on classpath.
2019-12-04 15:04:17.137 [restartedMain] INFO  org.springframework.web.servlet.handler.SimpleUrlHandlerMapping - Mapped URL path [/**/favicon.ico] onto handler of type [class org.springframework.web.servlet.resource.ResourceHttpRequestHandler]
2019-12-04 15:04:22.410 [restartedMain] INFO  org.springframework.web.servlet.mvc.method.annotation.RequestMappingHandlerAdapter - Looking for @ControllerAdvice: org.springframework.boot.web.servlet.context.AnnotationConfigServletWebServerApplicationContext@294e9947: startup date [Wed Dec 04 15:02:29 CST 2019]; parent: org.springframework.context.annotation.AnnotationConfigApplicationContext@53e1f46d
2019-12-04 15:04:23.744 [restartedMain] INFO  org.springframework.web.servlet.mvc.method.annotation.RequestMappingHandlerMapping - Mapped "{[/information/crunchies/list],methods=[GET]}" onto public java.util.List<com.travel.api.beans.CrunchiesEntity> com.travel.api.controller.home.CrunchiesController.list()
2019-12-04 15:04:23.751 [restartedMain] INFO  org.springframework.web.servlet.mvc.method.annotation.RequestMappingHandlerMapping - Mapped "{[/information/crunchies/save],methods=[POST]}" onto public void com.travel.api.controller.home.CrunchiesController.save(java.util.List<com.travel.api.beans.CrunchiesEntity>)
2019-12-04 15:04:23.753 [restartedMain] INFO  org.springframework.web.servlet.mvc.method.annotation.RequestMappingHandlerMapping - Mapped "{[/information/icon/list],methods=[GET]}" onto public java.util.List<com.travel.api.beans.IconEntity> com.travel.api.controller.home.IconController.list()
2019-12-04 15:04:23.754 [restartedMain] INFO  org.springframework.web.servlet.mvc.method.annotation.RequestMappingHandlerMapping - Mapped "{[/information/icon/save],methods=[POST]}" onto public void com.travel.api.controller.home.IconController.save(java.util.List<com.travel.api.beans.IconEntity>)
2019-12-04 15:04:23.757 [restartedMain] INFO  org.springframework.web.servlet.mvc.method.annotation.RequestMappingHandlerMapping - Mapped "{[/information/recommend/list],methods=[GET]}" onto public java.util.List<com.travel.api.beans.RecommendEntity> com.travel.api.controller.home.RecommendController.list()
2019-12-04 15:04:23.758 [restartedMain] INFO  org.springframework.web.servlet.mvc.method.annotation.RequestMappingHandlerMapping - Mapped "{[/information/recommend/save],methods=[POST]}" onto public void com.travel.api.controller.home.RecommendController.save(java.util.List<com.travel.api.beans.RecommendEntity>)
2019-12-04 15:04:23.761 [restartedMain] INFO  org.springframework.web.servlet.mvc.method.annotation.RequestMappingHandlerMapping - Mapped "{[/information/swiper/list],methods=[GET]}" onto public java.util.List<com.travel.api.beans.SwiperEntity> com.travel.api.controller.home.SwiperController.list()
2019-12-04 15:04:23.762 [restartedMain] INFO  org.springframework.web.servlet.mvc.method.annotation.RequestMappingHandlerMapping - Mapped "{[/information/swiper/save],methods=[POST]}" onto public void com.travel.api.controller.home.SwiperController.save(java.util.List<com.travel.api.beans.SwiperEntity>)
2019-12-04 15:04:23.763 [restartedMain] INFO  org.springframework.web.servlet.mvc.method.annotation.RequestMappingHandlerMapping - Mapped "{[/information/weekend/list],methods=[GET]}" onto public java.util.List<com.travel.api.beans.WeekendEntity> com.travel.api.controller.home.WeekendCtroller.list()
2019-12-04 15:04:23.764 [restartedMain] INFO  org.springframework.web.servlet.mvc.method.annotation.RequestMappingHandlerMapping - Mapped "{[/information/weekend/save],methods=[POST]}" onto public void com.travel.api.controller.home.WeekendCtroller.save(java.util.List<com.travel.api.beans.WeekendEntity>)
2019-12-04 15:04:23.801 [restartedMain] INFO  org.springframework.web.servlet.mvc.method.annotation.RequestMappingHandlerMapping - Mapped "{[/error]}" onto public org.springframework.http.ResponseEntity<java.util.Map<java.lang.String, java.lang.Object>> org.springframework.boot.autoconfigure.web.servlet.error.BasicErrorController.error(javax.servlet.http.HttpServletRequest)
2019-12-04 15:04:23.804 [restartedMain] INFO  org.springframework.web.servlet.mvc.method.annotation.RequestMappingHandlerMapping - Mapped "{[/error],produces=[text/html]}" onto public org.springframework.web.servlet.ModelAndView org.springframework.boot.autoconfigure.web.servlet.error.BasicErrorController.errorHtml(javax.servlet.http.HttpServletRequest,javax.servlet.http.HttpServletResponse)
2019-12-04 15:04:24.325 [restartedMain] INFO  org.springframework.web.servlet.handler.SimpleUrlHandlerMapping - Mapped URL path [/webjars/**] onto handler of type [class org.springframework.web.servlet.resource.ResourceHttpRequestHandler]
2019-12-04 15:04:24.326 [restartedMain] INFO  org.springframework.web.servlet.handler.SimpleUrlHandlerMapping - Mapped URL path [/**] onto handler of type [class org.springframework.web.servlet.resource.ResourceHttpRequestHandler]
2019-12-04 15:04:35.266 [restartedMain] INFO  org.springframework.ui.freemarker.SpringTemplateLoader - SpringTemplateLoader for FreeMarker: using resource loader [org.springframework.boot.web.servlet.context.AnnotationConfigServletWebServerApplicationContext@294e9947: startup date [Wed Dec 04 15:02:29 CST 2019]; parent: org.springframework.context.annotation.AnnotationConfigApplicationContext@53e1f46d] and template loader path [classpath:/templates/]
2019-12-04 15:04:35.269 [restartedMain] INFO  org.springframework.web.servlet.view.freemarker.FreeMarkerConfigurer - ClassTemplateLoader for Spring macros added to FreeMarker configuration
2019-12-04 15:04:38.871 [restartedMain] INFO  org.springframework.boot.actuate.endpoint.web.EndpointLinksResolver - Exposing 2 endpoint(s) beneath base path '/actuator'
2019-12-04 15:04:38.955 [restartedMain] INFO  org.springframework.boot.actuate.endpoint.web.servlet.WebMvcEndpointHandlerMapping - Mapped "{[/actuator/health],methods=[GET],produces=[application/vnd.spring-boot.actuator.v2+json || application/json]}" onto public java.lang.Object org.springframework.boot.actuate.endpoint.web.servlet.AbstractWebMvcEndpointHandlerMapping$OperationHandler.handle(javax.servlet.http.HttpServletRequest,java.util.Map<java.lang.String, java.lang.String>)
2019-12-04 15:04:38.958 [restartedMain] INFO  org.springframework.boot.actuate.endpoint.web.servlet.WebMvcEndpointHandlerMapping - Mapped "{[/actuator/info],methods=[GET],produces=[application/vnd.spring-boot.actuator.v2+json || application/json]}" onto public java.lang.Object org.springframework.boot.actuate.endpoint.web.servlet.AbstractWebMvcEndpointHandlerMapping$OperationHandler.handle(javax.servlet.http.HttpServletRequest,java.util.Map<java.lang.String, java.lang.String>)
2019-12-04 15:04:38.960 [restartedMain] INFO  org.springframework.boot.actuate.endpoint.web.servlet.WebMvcEndpointHandlerMapping - Mapped "{[/actuator],methods=[GET],produces=[application/vnd.spring-boot.actuator.v2+json || application/json]}" onto protected java.util.Map<java.lang.String, java.util.Map<java.lang.String, org.springframework.boot.actuate.endpoint.web.Link>> org.springframework.boot.actuate.endpoint.web.servlet.WebMvcEndpointHandlerMapping.links(javax.servlet.http.HttpServletRequest,javax.servlet.http.HttpServletResponse)
2019-12-04 15:04:39.309 [restartedMain] INFO  org.springframework.jmx.export.annotation.AnnotationMBeanExporter - Registering beans for JMX exposure on startup
2019-12-04 15:04:39.351 [restartedMain] INFO  org.springframework.jmx.export.annotation.AnnotationMBeanExporter - Bean with name 'configurationPropertiesRebinder' has been autodetected for JMX exposure
2019-12-04 15:04:39.354 [restartedMain] INFO  org.springframework.jmx.export.annotation.AnnotationMBeanExporter - Bean with name 'environmentManager' has been autodetected for JMX exposure
2019-12-04 15:04:39.358 [restartedMain] INFO  org.springframework.jmx.export.annotation.AnnotationMBeanExporter - Bean with name 'refreshScope' has been autodetected for JMX exposure
2019-12-04 15:04:39.366 [restartedMain] INFO  org.springframework.jmx.export.annotation.AnnotationMBeanExporter - Located managed bean 'environmentManager': registering with JMX server as MBean [org.springframework.cloud.context.environment:name=environmentManager,type=EnvironmentManager]
2019-12-04 15:04:39.394 [restartedMain] INFO  org.springframework.jmx.export.annotation.AnnotationMBeanExporter - Located managed bean 'refreshScope': registering with JMX server as MBean [org.springframework.cloud.context.scope.refresh:name=refreshScope,type=RefreshScope]
2019-12-04 15:04:39.448 [restartedMain] INFO  org.springframework.jmx.export.annotation.AnnotationMBeanExporter - Located managed bean 'configurationPropertiesRebinder': registering with JMX server as MBean [org.springframework.cloud.context.properties:name=configurationPropertiesRebinder,context=294e9947,type=ConfigurationPropertiesRebinder]
2019-12-04 15:04:39.493 [restartedMain] INFO  org.springframework.context.support.DefaultLifecycleProcessor - Starting beans in phase 0
2019-12-04 15:04:39.527 [restartedMain] INFO  org.springframework.cloud.netflix.eureka.InstanceInfoFactory - Setting initial instance status as: STARTING
2019-12-04 15:04:39.755 [restartedMain] INFO  com.netflix.discovery.DiscoveryClient - Initializing Eureka in region us-east-1
2019-12-04 15:04:40.116 [restartedMain] INFO  com.netflix.discovery.provider.DiscoveryJerseyProvider - Using JSON encoding codec LegacyJacksonJson
2019-12-04 15:04:40.116 [restartedMain] INFO  com.netflix.discovery.provider.DiscoveryJerseyProvider - Using JSON decoding codec LegacyJacksonJson
2019-12-04 15:04:40.549 [restartedMain] INFO  com.netflix.discovery.provider.DiscoveryJerseyProvider - Using XML encoding codec XStreamXml
2019-12-04 15:04:40.550 [restartedMain] INFO  com.netflix.discovery.provider.DiscoveryJerseyProvider - Using XML decoding codec XStreamXml
2019-12-04 15:04:43.618 [restartedMain] INFO  com.netflix.discovery.shared.resolver.aws.ConfigClusterResolver - Resolving eureka endpoints via configuration
2019-12-04 15:04:46.468 [restartedMain] INFO  com.netflix.discovery.DiscoveryClient - Disable delta property : false
2019-12-04 15:04:46.468 [restartedMain] INFO  com.netflix.discovery.DiscoveryClient - Single vip registry refresh property : null
2019-12-04 15:04:46.469 [restartedMain] INFO  com.netflix.discovery.DiscoveryClient - Force full registry fetch : false
2019-12-04 15:04:46.470 [restartedMain] INFO  com.netflix.discovery.DiscoveryClient - Application is null : false
2019-12-04 15:04:46.470 [restartedMain] INFO  com.netflix.discovery.DiscoveryClient - Registered Applications size is zero : true
2019-12-04 15:04:46.470 [restartedMain] INFO  com.netflix.discovery.DiscoveryClient - Application version is -1: true
2019-12-04 15:04:46.470 [restartedMain] INFO  com.netflix.discovery.DiscoveryClient - Getting all instance registry info from the eureka server
2019-12-04 15:04:48.020 [restartedMain] INFO  com.netflix.discovery.DiscoveryClient - The response status is 200
2019-12-04 15:04:48.030 [restartedMain] INFO  com.netflix.discovery.DiscoveryClient - Starting heartbeat executor: renew interval is: 5
2019-12-04 15:04:48.037 [restartedMain] INFO  com.netflix.discovery.InstanceInfoReplicator - InstanceInfoReplicator onDemand update allowed rate per min is 4
2019-12-04 15:04:48.052 [restartedMain] INFO  com.netflix.discovery.DiscoveryClient - Discovery Client initialized at timestamp 1575443088044 with initial instances count: 1
2019-12-04 15:04:48.074 [restartedMain] INFO  org.springframework.cloud.netflix.eureka.serviceregistry.EurekaServiceRegistry - Registering application api-information with eureka with status UP
2019-12-04 15:04:48.076 [restartedMain] INFO  com.netflix.discovery.DiscoveryClient - Saw local status change event StatusChangeEvent [timestamp=1575443088076, current=UP, previous=STARTING]
2019-12-04 15:04:48.082 [DiscoveryClient-InstanceInfoReplicator-0] INFO  com.netflix.discovery.DiscoveryClient - DiscoveryClient_API-INFORMATION/AFODY-610041329:api-information:10003: registering service...
2019-12-04 15:04:48.190 [restartedMain] INFO  org.apache.coyote.http11.Http11NioProtocol - Starting ProtocolHandler ["http-nio-10003"]
2019-12-04 15:04:48.276 [DiscoveryClient-InstanceInfoReplicator-0] INFO  com.netflix.discovery.DiscoveryClient - DiscoveryClient_API-INFORMATION/AFODY-610041329:api-information:10003 - registration status: 204
2019-12-04 15:04:48.286 [restartedMain] INFO  org.apache.tomcat.util.net.NioSelectorPool - Using a shared selector for servlet write/read
2019-12-04 15:04:48.384 [restartedMain] INFO  org.springframework.boot.web.embedded.tomcat.TomcatWebServer - Tomcat started on port(s): 10003 (http) with context path ''
2019-12-04 15:04:48.386 [restartedMain] INFO  org.springframework.cloud.netflix.eureka.serviceregistry.EurekaAutoServiceRegistration - Updating port to 10003
2019-12-04 15:04:48.417 [restartedMain] INFO  com.travel.api.InformationApplication - Started InformationApplication in 168.155 seconds (JVM running for 194.275)
2019-12-04 15:04:59.208 [RMI TCP Connection(2)-192.168.30.1] INFO  org.apache.catalina.core.ContainerBase.[Tomcat].[localhost].[/] - Initializing Spring FrameworkServlet 'dispatcherServlet'
2019-12-04 15:04:59.212 [RMI TCP Connection(2)-192.168.30.1] INFO  org.springframework.web.servlet.DispatcherServlet - FrameworkServlet 'dispatcherServlet': initialization started
2019-12-04 15:04:59.379 [RMI TCP Connection(2)-192.168.30.1] INFO  org.springframework.web.servlet.DispatcherServlet - FrameworkServlet 'dispatcherServlet': initialization completed in 166 ms
2019-12-04 15:05:01.875 [RMI TCP Connection(2)-192.168.30.1] INFO  org.mongodb.driver.cluster - Cluster description not yet available. Waiting for 30000 ms before timing out
2019-12-04 15:05:28.384 [restartedMain] INFO  org.springframework.context.annotation.AnnotationConfigApplicationContext - Refreshing org.springframework.context.annotation.AnnotationConfigApplicationContext@4afb6fda: startup date [Wed Dec 04 15:05:28 CST 2019]; root of context hierarchy
2019-12-04 15:05:29.548 [restartedMain] INFO  org.springframework.beans.factory.annotation.AutowiredAnnotationBeanPostProcessor - JSR-330 'javax.inject.Inject' annotation found and supported for autowiring
2019-12-04 15:05:29.685 [restartedMain] INFO  org.springframework.context.support.PostProcessorRegistrationDelegate$BeanPostProcessorChecker - Bean 'configurationPropertiesRebinderAutoConfiguration' of type [org.springframework.cloud.autoconfigure.ConfigurationPropertiesRebinderAutoConfiguration$$EnhancerBySpringCGLIB$$42882759] is not eligible for getting processed by all BeanPostProcessors (for example: not eligible for auto-proxying)
2019-12-04 15:05:32.815 [RMI TCP Connection(2)-192.168.30.1] INFO  org.springframework.cloud.config.client.ConfigServicePropertySourceLocator - Fetching config from server at: http://localhost:8888
2019-12-04 15:05:37.057 [restartedMain] INFO  org.springframework.cloud.config.client.ConfigServicePropertySourceLocator - Fetching config from server at: http://localhost:8888
2019-12-04 15:05:39.140 [restartedMain] INFO  com.travel.api.MessageApplication - No active profile set, falling back to default profiles: default
2019-12-04 15:05:39.226 [restartedMain] INFO  org.springframework.boot.web.servlet.context.AnnotationConfigServletWebServerApplicationContext - Refreshing org.springframework.boot.web.servlet.context.AnnotationConfigServletWebServerApplicationContext@6087e41a: startup date [Wed Dec 04 15:05:39 CST 2019]; parent: org.springframework.context.annotation.AnnotationConfigApplicationContext@4afb6fda
2019-12-04 15:05:58.032 [restartedMain] INFO  org.springframework.data.repository.config.RepositoryConfigurationDelegate - Multiple Spring Data modules found, entering strict repository configuration mode!
2019-12-04 15:05:58.956 [restartedMain] INFO  org.springframework.beans.factory.support.DefaultListableBeanFactory - Overriding bean definition for bean 'environmentWebEndpointExtension' with a different definition: replacing [Root bean: class [null]; scope=; abstract=false; lazyInit=false; autowireMode=3; dependencyCheck=0; autowireCandidate=true; primary=false; factoryBeanName=org.springframework.boot.actuate.autoconfigure.env.EnvironmentEndpointAutoConfiguration; factoryMethodName=environmentWebEndpointExtension; initMethodName=null; destroyMethodName=(inferred); defined in class path resource [org/springframework/boot/actuate/autoconfigure/env/EnvironmentEndpointAutoConfiguration.class]] with [Root bean: class [null]; scope=; abstract=false; lazyInit=false; autowireMode=3; dependencyCheck=0; autowireCandidate=true; primary=false; factoryBeanName=org.springframework.cloud.autoconfigure.LifecycleMvcEndpointAutoConfiguration$EndpointConfiguration; factoryMethodName=environmentWebEndpointExtension; initMethodName=null; destroyMethodName=(inferred); defined in class path resource [org/springframework/cloud/autoconfigure/LifecycleMvcEndpointAutoConfiguration$EndpointConfiguration.class]]
2019-12-04 15:06:06.177 [restartedMain] INFO  org.springframework.cloud.context.scope.GenericScope - BeanFactory id=7a98d4fe-4170-3e77-8ddb-2eab529095c4
2019-12-04 15:06:06.260 [restartedMain] INFO  org.springframework.beans.factory.annotation.AutowiredAnnotationBeanPostProcessor - JSR-330 'javax.inject.Inject' annotation found and supported for autowiring
2019-12-04 15:06:07.776 [restartedMain] INFO  org.springframework.context.support.PostProcessorRegistrationDelegate$BeanPostProcessorChecker - Bean 'org.springframework.transaction.annotation.ProxyTransactionManagementConfiguration' of type [org.springframework.transaction.annotation.ProxyTransactionManagementConfiguration$$EnhancerBySpringCGLIB$$266e245c] is not eligible for getting processed by all BeanPostProcessors (for example: not eligible for auto-proxying)
2019-12-04 15:06:07.986 [restartedMain] INFO  org.springframework.context.support.PostProcessorRegistrationDelegate$BeanPostProcessorChecker - Bean 'org.springframework.cloud.autoconfigure.ConfigurationPropertiesRebinderAutoConfiguration' of type [org.springframework.cloud.autoconfigure.ConfigurationPropertiesRebinderAutoConfiguration$$EnhancerBySpringCGLIB$$42882759] is not eligible for getting processed by all BeanPostProcessors (for example: not eligible for auto-proxying)
2019-12-04 15:06:16.495 [restartedMain] INFO  org.springframework.boot.web.embedded.tomcat.TomcatWebServer - Tomcat initialized with port(s): 10001 (http)
2019-12-04 15:06:16.686 [restartedMain] INFO  org.apache.coyote.http11.Http11NioProtocol - Initializing ProtocolHandler ["http-nio-10001"]
2019-12-04 15:06:16.852 [restartedMain] INFO  org.apache.catalina.core.StandardService - Starting service [Tomcat]
2019-12-04 15:06:16.853 [restartedMain] INFO  org.apache.catalina.core.StandardEngine - Starting Servlet Engine: Apache Tomcat/8.5.29
2019-12-04 15:06:16.896 [localhost-startStop-1] INFO  org.apache.catalina.core.AprLifecycleListener - The APR based Apache Tomcat Native library which allows optimal performance in production environments was not found on the java.library.path: [C:\Program Files\Java\jdk1.8.0_161\bin;C:\WINDOWS\Sun\Java\bin;C:\WINDOWS\system32;C:\WINDOWS;C:\ProgramData\Oracle\Java\javapath;C:\windows\system32;C:\windows;C:\windows\System32\Wbem;C:\windows\System32\WindowsPowerShell\v1.0\;C:\Program Files (x86)\NVIDIA Corporation\PhysX\Common;C:\WINDOWS\system32;C:\WINDOWS;C:\WINDOWS\System32\Wbem;C:\WINDOWS\System32\WindowsPowerShell\v1.0\;C:\Program Files\Microsoft\Web Platform Installer\;C:\Program Files (x86)\Microsoft ASP.NET\ASP.NET Web Pages\v1.0\;E:\Get\Git\cmd;E:\Git\Git\cmd;C:\Program Files\Microsoft SQL Server\110\Tools\Binn\;E:\小乌龟可视化\bin;C:\Program Files (x86)\Microsoft SQL Server\140\Tools\Binn\;C:\Program Files\Microsoft SQL Server\140\Tools\Binn\;C:\Program Files (x86)\Microsoft SQL Server\140\DTS\Binn\;C:\Program Files\Microsoft SQL Server\140\DTS\Binn\;C:\Program Files\Microsoft SQL Server\Client SDK\ODBC\130\Tools\Binn\;C:\Program Files (x86)\Microsoft SQL Server\Client SDK\ODBC\130\Tools\Binn\;C:\Program Files (x86)\Microsoft SQL Server\140\Tools\Binn\ManagementStudio\;C:\WINDOWS\System32\OpenSSH\;E:\JS-advanced\nvm\nvm;C:\Program Files\nodejs;E:\JS-advanced;E:\BaiduNetdiskDownload\Microsoft VS Code\bin;E:\AndroidDevTools\android-sdk-windows\platform-tools;E:\AndroidDevTools\android-sdk-windows\tools;E:\AndroidDevTools\gradle-4.5\bin;C:\Users\Administrator\AppData\Local\Microsoft\WindowsApps;E:\BaiduNetdiskDownload\Microsoft VS Code\bin;C:\Users\Administrator\AppData\Roaming\npm;E:\JS-advanced\nvm\nvm;C:\Program Files\nodejs;C:\ProgramData\Microsoft\Windows\Start Menu\Programs\Node.js;C:\ProgramData\Microsoft\Windows\Start Menu\Programs\Node.js;C:\Program Files\Java\jdk1.8.0_161\bin;;.]
2019-12-04 15:06:18.536 [localhost-startStop-1] INFO  org.apache.catalina.core.ContainerBase.[Tomcat].[localhost].[/] - Initializing Spring embedded WebApplicationContext
2019-12-04 15:06:18.537 [localhost-startStop-1] INFO  org.springframework.web.context.ContextLoader - Root WebApplicationContext: initialization completed in 39311 ms
2019-12-04 15:07:18.999 [localhost-startStop-1] INFO  org.springframework.boot.web.servlet.ServletRegistrationBean - Servlet dispatcherServlet mapped to [/]
2019-12-04 15:07:19.179 [localhost-startStop-1] INFO  org.springframework.boot.web.servlet.FilterRegistrationBean - Mapping filter: 'characterEncodingFilter' to: [/*]
2019-12-04 15:07:19.183 [localhost-startStop-1] INFO  org.springframework.boot.web.servlet.FilterRegistrationBean - Mapping filter: 'hiddenHttpMethodFilter' to: [/*]
2019-12-04 15:07:19.183 [localhost-startStop-1] INFO  org.springframework.boot.web.servlet.FilterRegistrationBean - Mapping filter: 'httpPutFormContentFilter' to: [/*]
2019-12-04 15:07:19.184 [localhost-startStop-1] INFO  org.springframework.boot.web.servlet.FilterRegistrationBean - Mapping filter: 'requestContextFilter' to: [/*]
2019-12-04 15:07:19.184 [localhost-startStop-1] INFO  org.springframework.boot.web.servlet.FilterRegistrationBean - Mapping filter: 'httpTraceFilter' to: [/*]
2019-12-04 15:07:19.187 [localhost-startStop-1] INFO  org.springframework.boot.web.servlet.FilterRegistrationBean - Mapping filter: 'webMvcMetricsFilter' to: [/*]
2019-12-04 15:07:21.614 [restartedMain] INFO  com.netflix.config.sources.URLConfigurationSource - To enable URLs as dynamic configuration sources, define System property archaius.configurationSource.additionalUrls or make config.properties available on classpath.
2019-12-04 15:07:21.857 [restartedMain] INFO  com.netflix.config.sources.URLConfigurationSource - To enable URLs as dynamic configuration sources, define System property archaius.configurationSource.additionalUrls or make config.properties available on classpath.
2019-12-04 15:07:25.165 [restartedMain] INFO  org.springframework.web.servlet.handler.SimpleUrlHandlerMapping - Mapped URL path [/**/favicon.ico] onto handler of type [class org.springframework.web.servlet.resource.ResourceHttpRequestHandler]
2019-12-04 15:07:33.730 [restartedMain] INFO  org.springframework.web.servlet.mvc.method.annotation.RequestMappingHandlerAdapter - Looking for @ControllerAdvice: org.springframework.boot.web.servlet.context.AnnotationConfigServletWebServerApplicationContext@6087e41a: startup date [Wed Dec 04 15:05:39 CST 2019]; parent: org.springframework.context.annotation.AnnotationConfigApplicationContext@4afb6fda
2019-12-04 15:07:35.222 [restartedMain] INFO  org.springframework.web.servlet.mvc.method.annotation.RequestMappingHandlerMapping - Mapped "{[/message/sendSMS],methods=[GET]}" onto public java.util.Map<java.lang.String, java.lang.Object> com.travel.api.controller.MessageController.sendSMS(java.lang.String)
2019-12-04 15:07:35.227 [restartedMain] INFO  org.springframework.web.servlet.mvc.method.annotation.RequestMappingHandlerMapping - Mapped "{[/message/sendEmail],methods=[GET]}" onto public java.util.Map<java.lang.String, java.lang.Object> com.travel.api.controller.MessageController.sendEmail(java.lang.String)
2019-12-04 15:07:35.228 [restartedMain] INFO  org.springframework.web.servlet.mvc.method.annotation.RequestMappingHandlerMapping - Mapped "{[/message/validationEmail],methods=[POST]}" onto public java.util.Map<java.lang.String, java.lang.Object> com.travel.api.controller.MessageController.validationEmail(com.travel.api.beans.request.message.EmailRequest)
2019-12-04 15:07:35.230 [restartedMain] INFO  org.springframework.web.servlet.mvc.method.annotation.RequestMappingHandlerMapping - Mapped "{[/message/validationSMS],methods=[POST]}" onto public java.util.Map<java.lang.String, java.lang.Object> com.travel.api.controller.MessageController.validationSMS(com.travel.api.beans.request.message.SMSRequest)
2019-12-04 15:07:35.237 [restartedMain] INFO  org.springframework.web.servlet.mvc.method.annotation.RequestMappingHandlerMapping - Mapped "{[/error]}" onto public org.springframework.http.ResponseEntity<java.util.Map<java.lang.String, java.lang.Object>> org.springframework.boot.autoconfigure.web.servlet.error.BasicErrorController.error(javax.servlet.http.HttpServletRequest)
2019-12-04 15:07:35.239 [restartedMain] INFO  org.springframework.web.servlet.mvc.method.annotation.RequestMappingHandlerMapping - Mapped "{[/error],produces=[text/html]}" onto public org.springframework.web.servlet.ModelAndView org.springframework.boot.autoconfigure.web.servlet.error.BasicErrorController.errorHtml(javax.servlet.http.HttpServletRequest,javax.servlet.http.HttpServletResponse)
2019-12-04 15:07:35.977 [restartedMain] INFO  org.springframework.web.servlet.handler.SimpleUrlHandlerMapping - Mapped URL path [/webjars/**] onto handler of type [class org.springframework.web.servlet.resource.ResourceHttpRequestHandler]
2019-12-04 15:07:35.977 [restartedMain] INFO  org.springframework.web.servlet.handler.SimpleUrlHandlerMapping - Mapped URL path [/**] onto handler of type [class org.springframework.web.servlet.resource.ResourceHttpRequestHandler]
2019-12-04 15:07:53.377 [restartedMain] INFO  org.springframework.ui.freemarker.SpringTemplateLoader - SpringTemplateLoader for FreeMarker: using resource loader [org.springframework.boot.web.servlet.context.AnnotationConfigServletWebServerApplicationContext@6087e41a: startup date [Wed Dec 04 15:05:39 CST 2019]; parent: org.springframework.context.annotation.AnnotationConfigApplicationContext@4afb6fda] and template loader path [classpath:/templates/]
2019-12-04 15:07:53.386 [restartedMain] INFO  org.springframework.web.servlet.view.freemarker.FreeMarkerConfigurer - ClassTemplateLoader for Spring macros added to FreeMarker configuration
2019-12-04 15:07:59.152 [restartedMain] INFO  org.springframework.boot.actuate.endpoint.web.EndpointLinksResolver - Exposing 2 endpoint(s) beneath base path '/actuator'
2019-12-04 15:07:59.391 [restartedMain] INFO  org.springframework.boot.actuate.endpoint.web.servlet.WebMvcEndpointHandlerMapping - Mapped "{[/actuator/health],methods=[GET],produces=[application/vnd.spring-boot.actuator.v2+json || application/json]}" onto public java.lang.Object org.springframework.boot.actuate.endpoint.web.servlet.AbstractWebMvcEndpointHandlerMapping$OperationHandler.handle(javax.servlet.http.HttpServletRequest,java.util.Map<java.lang.String, java.lang.String>)
2019-12-04 15:07:59.410 [restartedMain] INFO  org.springframework.boot.actuate.endpoint.web.servlet.WebMvcEndpointHandlerMapping - Mapped "{[/actuator/info],methods=[GET],produces=[application/vnd.spring-boot.actuator.v2+json || application/json]}" onto public java.lang.Object org.springframework.boot.actuate.endpoint.web.servlet.AbstractWebMvcEndpointHandlerMapping$OperationHandler.handle(javax.servlet.http.HttpServletRequest,java.util.Map<java.lang.String, java.lang.String>)
2019-12-04 15:07:59.416 [restartedMain] INFO  org.springframework.boot.actuate.endpoint.web.servlet.WebMvcEndpointHandlerMapping - Mapped "{[/actuator],methods=[GET],produces=[application/vnd.spring-boot.actuator.v2+json || application/json]}" onto protected java.util.Map<java.lang.String, java.util.Map<java.lang.String, org.springframework.boot.actuate.endpoint.web.Link>> org.springframework.boot.actuate.endpoint.web.servlet.WebMvcEndpointHandlerMapping.links(javax.servlet.http.HttpServletRequest,javax.servlet.http.HttpServletResponse)
2019-12-04 15:08:02.791 [restartedMain] INFO  org.springframework.jmx.export.annotation.AnnotationMBeanExporter - Registering beans for JMX exposure on startup
2019-12-04 15:08:02.822 [restartedMain] INFO  org.springframework.jmx.export.annotation.AnnotationMBeanExporter - Bean with name 'dataSource' has been autodetected for JMX exposure
2019-12-04 15:08:02.901 [restartedMain] INFO  org.springframework.jmx.export.annotation.AnnotationMBeanExporter - Bean with name 'configurationPropertiesRebinder' has been autodetected for JMX exposure
2019-12-04 15:08:02.905 [restartedMain] INFO  org.springframework.jmx.export.annotation.AnnotationMBeanExporter - Bean with name 'environmentManager' has been autodetected for JMX exposure
2019-12-04 15:08:02.909 [restartedMain] INFO  org.springframework.jmx.export.annotation.AnnotationMBeanExporter - Bean with name 'refreshScope' has been autodetected for JMX exposure
2019-12-04 15:08:02.996 [restartedMain] INFO  org.springframework.jmx.export.annotation.AnnotationMBeanExporter - Located managed bean 'environmentManager': registering with JMX server as MBean [org.springframework.cloud.context.environment:name=environmentManager,type=EnvironmentManager]
2019-12-04 15:08:03.060 [restartedMain] INFO  org.springframework.jmx.export.annotation.AnnotationMBeanExporter - Located managed bean 'refreshScope': registering with JMX server as MBean [org.springframework.cloud.context.scope.refresh:name=refreshScope,type=RefreshScope]
2019-12-04 15:08:03.205 [restartedMain] INFO  org.springframework.jmx.export.annotation.AnnotationMBeanExporter - Located managed bean 'configurationPropertiesRebinder': registering with JMX server as MBean [org.springframework.cloud.context.properties:name=configurationPropertiesRebinder,context=6087e41a,type=ConfigurationPropertiesRebinder]
2019-12-04 15:08:03.231 [restartedMain] INFO  org.springframework.jmx.export.annotation.AnnotationMBeanExporter - Located MBean 'dataSource': registering with JMX server as MBean [com.alibaba.druid.pool:name=dataSource,type=DruidDataSource]
2019-12-04 15:08:03.303 [restartedMain] INFO  org.springframework.context.support.DefaultLifecycleProcessor - Starting beans in phase 0
2019-12-04 15:08:03.364 [restartedMain] INFO  org.springframework.cloud.netflix.eureka.InstanceInfoFactory - Setting initial instance status as: STARTING
2019-12-04 15:08:03.686 [restartedMain] INFO  com.netflix.discovery.DiscoveryClient - Initializing Eureka in region us-east-1
2019-12-04 15:08:13.051 [restartedMain] INFO  com.netflix.discovery.provider.DiscoveryJerseyProvider - Using JSON encoding codec LegacyJacksonJson
2019-12-04 15:08:13.053 [restartedMain] INFO  com.netflix.discovery.provider.DiscoveryJerseyProvider - Using JSON decoding codec LegacyJacksonJson
2019-12-04 15:08:13.849 [restartedMain] INFO  com.netflix.discovery.provider.DiscoveryJerseyProvider - Using XML encoding codec XStreamXml
2019-12-04 15:08:13.849 [restartedMain] INFO  com.netflix.discovery.provider.DiscoveryJerseyProvider - Using XML decoding codec XStreamXml
2019-12-04 15:08:15.482 [restartedMain] INFO  com.netflix.discovery.shared.resolver.aws.ConfigClusterResolver - Resolving eureka endpoints via configuration
2019-12-04 15:08:17.857 [restartedMain] INFO  com.netflix.discovery.DiscoveryClient - Disable delta property : false
2019-12-04 15:08:17.857 [restartedMain] INFO  com.netflix.discovery.DiscoveryClient - Single vip registry refresh property : null
2019-12-04 15:08:17.857 [restartedMain] INFO  com.netflix.discovery.DiscoveryClient - Force full registry fetch : false
2019-12-04 15:08:17.858 [restartedMain] INFO  com.netflix.discovery.DiscoveryClient - Application is null : false
2019-12-04 15:08:17.858 [restartedMain] INFO  com.netflix.discovery.DiscoveryClient - Registered Applications size is zero : true
2019-12-04 15:08:17.858 [restartedMain] INFO  com.netflix.discovery.DiscoveryClient - Application version is -1: true
2019-12-04 15:08:17.858 [restartedMain] INFO  com.netflix.discovery.DiscoveryClient - Getting all instance registry info from the eureka server
2019-12-04 15:08:18.871 [restartedMain] INFO  com.netflix.discovery.DiscoveryClient - The response status is 200
2019-12-04 15:08:18.886 [restartedMain] INFO  com.netflix.discovery.DiscoveryClient - Starting heartbeat executor: renew interval is: 5
2019-12-04 15:08:18.895 [restartedMain] INFO  com.netflix.discovery.InstanceInfoReplicator - InstanceInfoReplicator onDemand update allowed rate per min is 4
2019-12-04 15:08:18.932 [restartedMain] INFO  com.netflix.discovery.DiscoveryClient - Discovery Client initialized at timestamp 1575443298918 with initial instances count: 2
2019-12-04 15:08:18.982 [restartedMain] INFO  org.springframework.cloud.netflix.eureka.serviceregistry.EurekaServiceRegistry - Registering application api-message with eureka with status UP
2019-12-04 15:08:18.984 [restartedMain] INFO  com.netflix.discovery.DiscoveryClient - Saw local status change event StatusChangeEvent [timestamp=1575443298984, current=UP, previous=STARTING]
2019-12-04 15:08:18.995 [DiscoveryClient-InstanceInfoReplicator-0] INFO  com.netflix.discovery.DiscoveryClient - DiscoveryClient_API-MESSAGE/AFODY-610041329:api-message:10001: registering service...
2019-12-04 15:08:21.903 [restartedMain] INFO  org.apache.coyote.http11.Http11NioProtocol - Starting ProtocolHandler ["http-nio-10001"]
2019-12-04 15:08:21.959 [restartedMain] INFO  org.apache.tomcat.util.net.NioSelectorPool - Using a shared selector for servlet write/read
2019-12-04 15:08:21.964 [DiscoveryClient-InstanceInfoReplicator-0] INFO  com.netflix.discovery.DiscoveryClient - DiscoveryClient_API-MESSAGE/AFODY-610041329:api-message:10001 - registration status: 204
2019-12-04 15:08:22.040 [restartedMain] INFO  org.springframework.boot.web.embedded.tomcat.TomcatWebServer - Tomcat started on port(s): 10001 (http) with context path ''
2019-12-04 15:08:22.041 [restartedMain] INFO  org.springframework.cloud.netflix.eureka.serviceregistry.EurekaAutoServiceRegistration - Updating port to 10001
2019-12-04 15:08:22.057 [restartedMain] INFO  com.travel.api.MessageApplication - Started MessageApplication in 186.885 seconds (JVM running for 206.127)
2019-12-04 15:09:34.137 [RMI TCP Connection(6)-192.168.30.1] INFO  org.apache.catalina.core.ContainerBase.[Tomcat].[localhost].[/] - Initializing Spring FrameworkServlet 'dispatcherServlet'
2019-12-04 15:09:34.261 [RMI TCP Connection(6)-192.168.30.1] INFO  org.springframework.web.servlet.DispatcherServlet - FrameworkServlet 'dispatcherServlet': initialization started
2019-12-04 15:09:37.494 [RMI TCP Connection(6)-192.168.30.1] INFO  org.springframework.web.servlet.DispatcherServlet - FrameworkServlet 'dispatcherServlet': initialization completed in 3218 ms
2019-12-04 15:09:37.835 [RMI TCP Connection(5)-192.168.30.1] INFO  com.alibaba.druid.pool.DruidDataSource - {dataSource-1} inited
2019-12-04 15:09:46.738 [AsyncResolver-bootstrap-executor-0] INFO  com.netflix.discovery.shared.resolver.aws.ConfigClusterResolver - Resolving eureka endpoints via configuration
2019-12-04 15:13:17.933 [AsyncResolver-bootstrap-executor-0] INFO  com.netflix.discovery.shared.resolver.aws.ConfigClusterResolver - Resolving eureka endpoints via configuration
2019-12-04 15:14:47.198 [AsyncResolver-bootstrap-executor-0] INFO  com.netflix.discovery.shared.resolver.aws.ConfigClusterResolver - Resolving eureka endpoints via configuration
2019-12-04 15:18:18.238 [AsyncResolver-bootstrap-executor-0] INFO  com.netflix.discovery.shared.resolver.aws.ConfigClusterResolver - Resolving eureka endpoints via configuration
2019-12-04 15:19:49.286 [AsyncResolver-bootstrap-executor-0] INFO  com.netflix.discovery.shared.resolver.aws.ConfigClusterResolver - Resolving eureka endpoints via configuration
2019-12-04 15:22:19.999 [http-nio-10003-exec-1] INFO  org.mongodb.driver.cluster - Cluster description not yet available. Waiting for 30000 ms before timing out
2019-12-04 15:22:38.210 [http-nio-10003-exec-2] INFO  org.mongodb.driver.cluster - Cluster description not yet available. Waiting for 30000 ms before timing out
2019-12-04 15:23:08.702 [http-nio-10003-exec-3] INFO  org.mongodb.driver.cluster - Cluster description not yet available. Waiting for 30000 ms before timing out
2019-12-04 15:23:20.057 [AsyncResolver-bootstrap-executor-0] INFO  com.netflix.discovery.shared.resolver.aws.ConfigClusterResolver - Resolving eureka endpoints via configuration
2019-12-04 15:23:46.152 [http-nio-10003-exec-4] INFO  org.mongodb.driver.cluster - Cluster description not yet available. Waiting for 30000 ms before timing out
2019-12-04 15:23:47.154 [DiscoveryClient-HeartbeatExecutor-0] INFO  com.netflix.discovery.DiscoveryClient - DiscoveryClient_API-INFORMATION/AFODY-610041329:api-information:10003 - Re-registering apps/API-INFORMATION
2019-12-04 15:23:47.155 [DiscoveryClient-HeartbeatExecutor-0] INFO  com.netflix.discovery.DiscoveryClient - DiscoveryClient_API-INFORMATION/AFODY-610041329:api-information:10003: registering service...
2019-12-04 15:23:50.772 [DiscoveryClient-HeartbeatExecutor-0] INFO  com.netflix.discovery.DiscoveryClient - DiscoveryClient_API-INFORMATION/AFODY-610041329:api-information:10003 - registration status: 204
2019-12-04 15:23:59.469 [DiscoveryClient-HeartbeatExecutor-0] INFO  com.netflix.discovery.DiscoveryClient - DiscoveryClient_API-INFORMATION/AFODY-610041329:api-information:10003 - Re-registering apps/API-INFORMATION
2019-12-04 15:23:59.502 [DiscoveryClient-HeartbeatExecutor-0] INFO  com.netflix.discovery.DiscoveryClient - DiscoveryClient_API-INFORMATION/AFODY-610041329:api-information:10003: registering service...
2019-12-04 15:24:00.035 [DiscoveryClient-HeartbeatExecutor-0] INFO  com.netflix.discovery.DiscoveryClient - DiscoveryClient_API-INFORMATION/AFODY-610041329:api-information:10003 - registration status: 204
2019-12-04 15:24:50.875 [AsyncResolver-bootstrap-executor-0] INFO  com.netflix.discovery.shared.resolver.aws.ConfigClusterResolver - Resolving eureka endpoints via configuration
2019-12-04 15:28:20.093 [AsyncResolver-bootstrap-executor-0] INFO  com.netflix.discovery.shared.resolver.aws.ConfigClusterResolver - Resolving eureka endpoints via configuration
