2019-12-04 15:02:29.145 [restartedMain] WARN  org.springframework.cloud.config.client.ConfigServicePropertySourceLocator - Could not locate PropertySource: I/O error on GET request for "http://localhost:8888/api-information/default": Connection refused: connect; nested exception is java.net.ConnectException: Connection refused: connect
2019-12-04 15:04:14.057 [restartedMain] WARN  com.netflix.config.sources.URLConfigurationSource - No URLs will be polled as dynamic configuration sources.
2019-12-04 15:04:14.212 [restartedMain] WARN  com.netflix.config.sources.URLConfigurationSource - No URLs will be polled as dynamic configuration sources.
2019-12-04 15:04:37.202 [restartedMain] WARN  org.springframework.boot.devtools.autoconfigure.OptionalLiveReloadServer - Unable to start LiveReload server
2019-12-04 15:05:32.076 [RMI TCP Connection(2)-192.168.30.1] WARN  org.springframework.boot.actuate.mongo.MongoHealthIndicator - MongoDB health check failed
org.springframework.dao.DataAccessResourceFailureException: Timed out after 30000 ms while waiting to connect. Client view of cluster state is {type=UNKNOWN, servers=[{address=travelproject.top:27017, type=UNKNOWN, state=CONNECTING, exception={com.mongodb.MongoSocketException: travelproject.top}, caused by {java.net.UnknownHostException: travelproject.top}}]; nested exception is com.mongodb.MongoTimeoutException: Timed out after 30000 ms while waiting to connect. Client view of cluster state is {type=UNKNOWN, servers=[{address=travelproject.top:27017, type=UNKNOWN, state=CONNECTING, exception={com.mongodb.MongoSocketException: travelproject.top}, caused by {java.net.UnknownHostException: travelproject.top}}]
	at org.springframework.data.mongodb.core.MongoExceptionTranslator.translateExceptionIfPossible(MongoExceptionTranslator.java:87)
	at org.springframework.data.mongodb.core.MongoTemplate.potentiallyConvertRuntimeException(MongoTemplate.java:2589)
	at org.springframework.data.mongodb.core.MongoTemplate.execute(MongoTemplate.java:499)
	at org.springframework.data.mongodb.core.MongoTemplate.executeCommand(MongoTemplate.java:403)
	at org.springframework.boot.actuate.mongo.MongoHealthIndicator.doHealthCheck(MongoHealthIndicator.java:46)
	at org.springframework.boot.actuate.health.AbstractHealthIndicator.health(AbstractHealthIndicator.java:84)
	at org.springframework.boot.actuate.health.CompositeHealthIndicator.health(CompositeHealthIndicator.java:68)
	at org.springframework.boot.actuate.health.HealthEndpoint.health(HealthEndpoint.java:47)
	at sun.reflect.NativeMethodAccessorImpl.invoke0(Native Method)
	at sun.reflect.NativeMethodAccessorImpl.invoke(NativeMethodAccessorImpl.java:62)
	at sun.reflect.DelegatingMethodAccessorImpl.invoke(DelegatingMethodAccessorImpl.java:43)
	at java.lang.reflect.Method.invoke(Method.java:498)
	at org.springframework.util.ReflectionUtils.invokeMethod(ReflectionUtils.java:223)
	at org.springframework.boot.actuate.endpoint.invoke.reflect.ReflectiveOperationInvoker.invoke(ReflectiveOperationInvoker.java:76)
	at org.springframework.boot.actuate.endpoint.annotation.AbstractDiscoveredOperation.invoke(AbstractDiscoveredOperation.java:61)
	at org.springframework.boot.actuate.endpoint.jmx.EndpointMBean.invoke(EndpointMBean.java:102)
	at org.springframework.boot.actuate.endpoint.jmx.EndpointMBean.invoke(EndpointMBean.java:93)
	at com.sun.jmx.interceptor.DefaultMBeanServerInterceptor.invoke(DefaultMBeanServerInterceptor.java:819)
	at com.sun.jmx.mbeanserver.JmxMBeanServer.invoke(JmxMBeanServer.java:801)
	at javax.management.remote.rmi.RMIConnectionImpl.doOperation(RMIConnectionImpl.java:1468)
	at javax.management.remote.rmi.RMIConnectionImpl.access$300(RMIConnectionImpl.java:76)
	at javax.management.remote.rmi.RMIConnectionImpl$PrivilegedOperation.run(RMIConnectionImpl.java:1309)
	at javax.management.remote.rmi.RMIConnectionImpl.doPrivilegedOperation(RMIConnectionImpl.java:1401)
	at javax.management.remote.rmi.RMIConnectionImpl.invoke(RMIConnectionImpl.java:829)
	at sun.reflect.GeneratedMethodAccessor74.invoke(Unknown Source)
	at sun.reflect.DelegatingMethodAccessorImpl.invoke(DelegatingMethodAccessorImpl.java:43)
	at java.lang.reflect.Method.invoke(Method.java:498)
	at sun.rmi.server.UnicastServerRef.dispatch(UnicastServerRef.java:361)
	at sun.rmi.transport.Transport$1.run(Transport.java:200)
	at sun.rmi.transport.Transport$1.run(Transport.java:197)
	at java.security.AccessController.doPrivileged(Native Method)
	at sun.rmi.transport.Transport.serviceCall(Transport.java:196)
	at sun.rmi.transport.tcp.TCPTransport.handleMessages(TCPTransport.java:568)
	at sun.rmi.transport.tcp.TCPTransport$ConnectionHandler.run0(TCPTransport.java:826)
	at sun.rmi.transport.tcp.TCPTransport$ConnectionHandler.lambda$run$0(TCPTransport.java:683)
	at java.security.AccessController.doPrivileged(Native Method)
	at sun.rmi.transport.tcp.TCPTransport$ConnectionHandler.run(TCPTransport.java:682)
	at java.util.concurrent.ThreadPoolExecutor.runWorker(ThreadPoolExecutor.java:1149)
	at java.util.concurrent.ThreadPoolExecutor$Worker.run(ThreadPoolExecutor.java:624)
	at java.lang.Thread.run(Thread.java:748)
Caused by: com.mongodb.MongoTimeoutException: Timed out after 30000 ms while waiting to connect. Client view of cluster state is {type=UNKNOWN, servers=[{address=travelproject.top:27017, type=UNKNOWN, state=CONNECTING, exception={com.mongodb.MongoSocketException: travelproject.top}, caused by {java.net.UnknownHostException: travelproject.top}}]
	at com.mongodb.connection.BaseCluster.getDescription(BaseCluster.java:167)
	at com.mongodb.Mongo.getConnectedClusterDescription(Mongo.java:885)
	at com.mongodb.Mongo.createClientSession(Mongo.java:877)
	at com.mongodb.Mongo$3.getClientSession(Mongo.java:866)
	at com.mongodb.Mongo$3.execute(Mongo.java:823)
	at com.mongodb.MongoDatabaseImpl.executeCommand(MongoDatabaseImpl.java:166)
	at com.mongodb.MongoDatabaseImpl.runCommand(MongoDatabaseImpl.java:138)
	at com.mongodb.MongoDatabaseImpl.runCommand(MongoDatabaseImpl.java:133)
	at org.springframework.data.mongodb.core.MongoTemplate$2.doInDB(MongoTemplate.java:405)
	at org.springframework.data.mongodb.core.MongoTemplate$2.doInDB(MongoTemplate.java:403)
	at org.springframework.data.mongodb.core.MongoTemplate.execute(MongoTemplate.java:497)
	... 37 common frames omitted
2019-12-04 15:05:34.063 [RMI TCP Connection(2)-192.168.30.1] WARN  org.springframework.cloud.config.client.ConfigServicePropertySourceLocator - Could not locate PropertySource: I/O error on GET request for "http://localhost:8888/api-information/default": Connection refused: connect; nested exception is java.net.ConnectException: Connection refused: connect
2019-12-04 15:05:39.134 [restartedMain] WARN  org.springframework.cloud.config.client.ConfigServicePropertySourceLocator - Could not locate PropertySource: I/O error on GET request for "http://localhost:8888/api-message/default": Connection refused: connect; nested exception is java.net.ConnectException: Connection refused: connect
2019-12-04 15:05:50.260 [restartedMain] WARN  org.mybatis.spring.mapper.ClassPathMapperScanner - No MyBatis mapper was found in '[com.travel.api.interfaces]' package. Please check your configuration.
2019-12-04 15:05:53.359 [restartedMain] WARN  org.mybatis.spring.mapper.ClassPathMapperScanner - No MyBatis mapper was found in '[com.travel.api]' package. Please check your configuration.
2019-12-04 15:07:21.197 [restartedMain] WARN  com.netflix.config.sources.URLConfigurationSource - No URLs will be polled as dynamic configuration sources.
2019-12-04 15:07:21.857 [restartedMain] WARN  com.netflix.config.sources.URLConfigurationSource - No URLs will be polled as dynamic configuration sources.
2019-12-04 15:07:55.463 [restartedMain] WARN  org.springframework.boot.devtools.autoconfigure.OptionalLiveReloadServer - Unable to start LiveReload server
2019-12-04 15:28:46.651 [DiscoveryClient-0] WARN  com.netflix.discovery.TimedSupervisorTask - task supervisor timed out
java.util.concurrent.TimeoutException: null
	at java.util.concurrent.FutureTask.get(FutureTask.java:205)
	at com.netflix.discovery.TimedSupervisorTask.run(TimedSupervisorTask.java:64)
	at java.util.concurrent.Executors$RunnableAdapter.call(Executors.java:511)
	at java.util.concurrent.FutureTask.run$$$capture(FutureTask.java:266)
	at java.util.concurrent.FutureTask.run(FutureTask.java)
	at java.util.concurrent.ScheduledThreadPoolExecutor$ScheduledFutureTask.access$201(ScheduledThreadPoolExecutor.java:180)
	at java.util.concurrent.ScheduledThreadPoolExecutor$ScheduledFutureTask.run(ScheduledThreadPoolExecutor.java:293)
	at java.util.concurrent.ThreadPoolExecutor.runWorker(ThreadPoolExecutor.java:1149)
	at java.util.concurrent.ThreadPoolExecutor$Worker.run(ThreadPoolExecutor.java:624)
	at java.lang.Thread.run(Thread.java:748)
