2019-12-25 17:29:55.426 [restartedMain] INFO  org.springframework.context.annotation.AnnotationConfigApplicationContext - Refreshing org.springframework.context.annotation.AnnotationConfigApplicationContext@25fc332b: startup date [Wed Dec 25 17:29:55 CST 2019]; root of context hierarchy
2019-12-25 17:29:56.570 [restartedMain] INFO  org.springframework.beans.factory.annotation.AutowiredAnnotationBeanPostProcessor - JSR-330 'javax.inject.Inject' annotation found and supported for autowiring
2019-12-25 17:29:56.870 [restartedMain] INFO  org.springframework.context.support.PostProcessorRegistrationDelegate$BeanPostProcessorChecker - Bean 'configurationPropertiesRebinderAutoConfiguration' of type [org.springframework.cloud.autoconfigure.ConfigurationPropertiesRebinderAutoConfiguration$$EnhancerBySpringCGLIB$$c4f1caaf] is not eligible for getting processed by all BeanPostProcessors (for example: not eligible for auto-proxying)
2019-12-25 17:30:10.252 [restartedMain] INFO  org.springframework.cloud.config.client.ConfigServicePropertySourceLocator - Fetching config from server at: http://localhost:8888
2019-12-25 17:30:13.322 [restartedMain] INFO  com.travel.api.InformationApplication - No active profile set, falling back to default profiles: default
2019-12-25 17:30:13.462 [restartedMain] INFO  org.springframework.boot.web.servlet.context.AnnotationConfigServletWebServerApplicationContext - Refreshing org.springframework.boot.web.servlet.context.AnnotationConfigServletWebServerApplicationContext@549032f4: startup date [Wed Dec 25 17:30:13 CST 2019]; parent: org.springframework.context.annotation.AnnotationConfigApplicationContext@25fc332b
2019-12-25 17:30:21.942 [restartedMain] INFO  org.springframework.context.annotation.AnnotationConfigApplicationContext - Refreshing org.springframework.context.annotation.AnnotationConfigApplicationContext@1ca50b50: startup date [Wed Dec 25 17:30:21 CST 2019]; root of context hierarchy
2019-12-25 17:30:23.382 [restartedMain] INFO  org.springframework.beans.factory.annotation.AutowiredAnnotationBeanPostProcessor - JSR-330 'javax.inject.Inject' annotation found and supported for autowiring
2019-12-25 17:30:23.612 [restartedMain] INFO  org.springframework.context.support.PostProcessorRegistrationDelegate$BeanPostProcessorChecker - Bean 'configurationPropertiesRebinderAutoConfiguration' of type [org.springframework.cloud.autoconfigure.ConfigurationPropertiesRebinderAutoConfiguration$$EnhancerBySpringCGLIB$$cf547633] is not eligible for getting processed by all BeanPostProcessors (for example: not eligible for auto-proxying)
2019-12-25 17:30:25.424 [restartedMain] INFO  org.springframework.beans.factory.support.DefaultListableBeanFactory - Overriding bean definition for bean 'environmentWebEndpointExtension' with a different definition: replacing [Root bean: class [null]; scope=; abstract=false; lazyInit=false; autowireMode=3; dependencyCheck=0; autowireCandidate=true; primary=false; factoryBeanName=org.springframework.boot.actuate.autoconfigure.env.EnvironmentEndpointAutoConfiguration; factoryMethodName=environmentWebEndpointExtension; initMethodName=null; destroyMethodName=(inferred); defined in class path resource [org/springframework/boot/actuate/autoconfigure/env/EnvironmentEndpointAutoConfiguration.class]] with [Root bean: class [null]; scope=; abstract=false; lazyInit=false; autowireMode=3; dependencyCheck=0; autowireCandidate=true; primary=false; factoryBeanName=org.springframework.cloud.autoconfigure.LifecycleMvcEndpointAutoConfiguration$EndpointConfiguration; factoryMethodName=environmentWebEndpointExtension; initMethodName=null; destroyMethodName=(inferred); defined in class path resource [org/springframework/cloud/autoconfigure/LifecycleMvcEndpointAutoConfiguration$EndpointConfiguration.class]]
2019-12-25 17:30:26.964 [restartedMain] INFO  org.springframework.cloud.context.scope.GenericScope - BeanFactory id=de6d0ea9-2238-3c7b-a012-84338e774799
2019-12-25 17:30:27.044 [restartedMain] INFO  org.springframework.beans.factory.annotation.AutowiredAnnotationBeanPostProcessor - JSR-330 'javax.inject.Inject' annotation found and supported for autowiring
2019-12-25 17:30:27.874 [restartedMain] INFO  org.springframework.context.support.PostProcessorRegistrationDelegate$BeanPostProcessorChecker - Bean 'org.springframework.cloud.autoconfigure.ConfigurationPropertiesRebinderAutoConfiguration' of type [org.springframework.cloud.autoconfigure.ConfigurationPropertiesRebinderAutoConfiguration$$EnhancerBySpringCGLIB$$c4f1caaf] is not eligible for getting processed by all BeanPostProcessors (for example: not eligible for auto-proxying)
2019-12-25 17:30:30.395 [restartedMain] INFO  org.springframework.boot.web.embedded.tomcat.TomcatWebServer - Tomcat initialized with port(s): 10003 (http)
2019-12-25 17:30:30.444 [restartedMain] INFO  org.apache.coyote.http11.Http11NioProtocol - Initializing ProtocolHandler ["http-nio-10003"]
2019-12-25 17:30:30.518 [restartedMain] INFO  org.apache.catalina.core.StandardService - Starting service [Tomcat]
2019-12-25 17:30:30.519 [restartedMain] INFO  org.apache.catalina.core.StandardEngine - Starting Servlet Engine: Apache Tomcat/8.5.29
2019-12-25 17:30:30.554 [localhost-startStop-1] INFO  org.apache.catalina.core.AprLifecycleListener - The APR based Apache Tomcat Native library which allows optimal performance in production environments was not found on the java.library.path: [C:\Program Files\Java\jdk1.8.0_161\bin;C:\WINDOWS\Sun\Java\bin;C:\WINDOWS\system32;C:\WINDOWS;C:\ProgramData\Oracle\Java\javapath;C:\windows\system32;C:\windows;C:\windows\System32\Wbem;C:\windows\System32\WindowsPowerShell\v1.0\;C:\Program Files (x86)\NVIDIA Corporation\PhysX\Common;C:\WINDOWS\system32;C:\WINDOWS;C:\WINDOWS\System32\Wbem;C:\WINDOWS\System32\WindowsPowerShell\v1.0\;C:\Program Files\Microsoft\Web Platform Installer\;C:\Program Files (x86)\Microsoft ASP.NET\ASP.NET Web Pages\v1.0\;E:\Get\Git\cmd;E:\Git\Git\cmd;C:\Program Files\Microsoft SQL Server\110\Tools\Binn\;E:\小乌龟可视化\bin;C:\Program Files (x86)\Microsoft SQL Server\140\Tools\Binn\;C:\Program Files\Microsoft SQL Server\140\Tools\Binn\;C:\Program Files (x86)\Microsoft SQL Server\140\DTS\Binn\;C:\Program Files\Microsoft SQL Server\140\DTS\Binn\;C:\Program Files\Microsoft SQL Server\Client SDK\ODBC\130\Tools\Binn\;C:\Program Files (x86)\Microsoft SQL Server\Client SDK\ODBC\130\Tools\Binn\;C:\Program Files (x86)\Microsoft SQL Server\140\Tools\Binn\ManagementStudio\;C:\WINDOWS\System32\OpenSSH\;E:\JS-advanced\nvm\nvm;C:\Program Files\nodejs;E:\JS-advanced;E:\BaiduNetdiskDownload\Microsoft VS Code\bin;E:\AndroidDevTools\android-sdk-windows\platform-tools;E:\AndroidDevTools\android-sdk-windows\tools;E:\AndroidDevTools\gradle-4.5\bin;C:\Users\Administrator\AppData\Local\Programs\Python\Python38-32\Scripts\;C:\Users\Administrator\AppData\Local\Programs\Python\Python38-32\;C:\Users\Administrator\AppData\Local\Microsoft\WindowsApps;E:\BaiduNetdiskDownload\Microsoft VS Code\bin;C:\Users\Administrator\AppData\Roaming\npm;E:\JS-advanced\nvm\nvm;C:\Program Files\nodejs;C:\ProgramData\Microsoft\Windows\Start Menu\Programs\Node.js;C:\ProgramData\Microsoft\Windows\Start Menu\Programs\Node.js;C:\Program Files\Java\jdk1.8.0_161\bin;;.]
2019-12-25 17:30:31.762 [localhost-startStop-1] INFO  org.apache.catalina.core.ContainerBase.[Tomcat].[localhost].[/] - Initializing Spring embedded WebApplicationContext
2019-12-25 17:30:31.762 [localhost-startStop-1] INFO  org.springframework.web.context.ContextLoader - Root WebApplicationContext: initialization completed in 18300 ms
2019-12-25 17:30:33.540 [restartedMain] INFO  org.springframework.cloud.config.client.ConfigServicePropertySourceLocator - Fetching config from server at: http://localhost:8888
2019-12-25 17:30:38.721 [restartedMain] INFO  com.travel.api.MessageApplication - No active profile set, falling back to default profiles: default
2019-12-25 17:30:38.798 [restartedMain] INFO  org.springframework.boot.web.servlet.context.AnnotationConfigServletWebServerApplicationContext - Refreshing org.springframework.boot.web.servlet.context.AnnotationConfigServletWebServerApplicationContext@5249d492: startup date [Wed Dec 25 17:30:38 CST 2019]; parent: org.springframework.context.annotation.AnnotationConfigApplicationContext@1ca50b50
2019-12-25 17:30:49.434 [restartedMain] INFO  org.springframework.data.repository.config.RepositoryConfigurationDelegate - Multiple Spring Data modules found, entering strict repository configuration mode!
2019-12-25 17:30:50.034 [restartedMain] INFO  org.springframework.beans.factory.support.DefaultListableBeanFactory - Overriding bean definition for bean 'environmentWebEndpointExtension' with a different definition: replacing [Root bean: class [null]; scope=; abstract=false; lazyInit=false; autowireMode=3; dependencyCheck=0; autowireCandidate=true; primary=false; factoryBeanName=org.springframework.boot.actuate.autoconfigure.env.EnvironmentEndpointAutoConfiguration; factoryMethodName=environmentWebEndpointExtension; initMethodName=null; destroyMethodName=(inferred); defined in class path resource [org/springframework/boot/actuate/autoconfigure/env/EnvironmentEndpointAutoConfiguration.class]] with [Root bean: class [null]; scope=; abstract=false; lazyInit=false; autowireMode=3; dependencyCheck=0; autowireCandidate=true; primary=false; factoryBeanName=org.springframework.cloud.autoconfigure.LifecycleMvcEndpointAutoConfiguration$EndpointConfiguration; factoryMethodName=environmentWebEndpointExtension; initMethodName=null; destroyMethodName=(inferred); defined in class path resource [org/springframework/cloud/autoconfigure/LifecycleMvcEndpointAutoConfiguration$EndpointConfiguration.class]]
2019-12-25 17:30:51.224 [localhost-startStop-1] INFO  org.mongodb.driver.cluster - Cluster created with settings {hosts=[travelproject.top:27017], mode=SINGLE, requiredClusterType=UNKNOWN, serverSelectionTimeout='30000 ms', maxWaitQueueSize=500}
2019-12-25 17:30:52.382 [restartedMain] INFO  org.springframework.cloud.context.scope.GenericScope - BeanFactory id=7a98d4fe-4170-3e77-8ddb-2eab529095c4
2019-12-25 17:30:52.442 [restartedMain] INFO  org.springframework.beans.factory.annotation.AutowiredAnnotationBeanPostProcessor - JSR-330 'javax.inject.Inject' annotation found and supported for autowiring
2019-12-25 17:30:53.650 [restartedMain] INFO  org.springframework.context.support.PostProcessorRegistrationDelegate$BeanPostProcessorChecker - Bean 'org.springframework.transaction.annotation.ProxyTransactionManagementConfiguration' of type [org.springframework.transaction.annotation.ProxyTransactionManagementConfiguration$$EnhancerBySpringCGLIB$$b33a7336] is not eligible for getting processed by all BeanPostProcessors (for example: not eligible for auto-proxying)
2019-12-25 17:30:53.975 [restartedMain] INFO  org.springframework.context.support.PostProcessorRegistrationDelegate$BeanPostProcessorChecker - Bean 'org.springframework.cloud.autoconfigure.ConfigurationPropertiesRebinderAutoConfiguration' of type [org.springframework.cloud.autoconfigure.ConfigurationPropertiesRebinderAutoConfiguration$$EnhancerBySpringCGLIB$$cf547633] is not eligible for getting processed by all BeanPostProcessors (for example: not eligible for auto-proxying)
2019-12-25 17:30:56.343 [restartedMain] INFO  org.springframework.boot.web.embedded.tomcat.TomcatWebServer - Tomcat initialized with port(s): 10001 (http)
2019-12-25 17:30:56.383 [restartedMain] INFO  org.apache.coyote.http11.Http11NioProtocol - Initializing ProtocolHandler ["http-nio-10001"]
2019-12-25 17:30:56.423 [restartedMain] INFO  org.apache.catalina.core.StandardService - Starting service [Tomcat]
2019-12-25 17:30:56.423 [restartedMain] INFO  org.apache.catalina.core.StandardEngine - Starting Servlet Engine: Apache Tomcat/8.5.29
2019-12-25 17:30:56.451 [localhost-startStop-1] INFO  org.apache.catalina.core.AprLifecycleListener - The APR based Apache Tomcat Native library which allows optimal performance in production environments was not found on the java.library.path: [C:\Program Files\Java\jdk1.8.0_161\bin;C:\WINDOWS\Sun\Java\bin;C:\WINDOWS\system32;C:\WINDOWS;C:\ProgramData\Oracle\Java\javapath;C:\windows\system32;C:\windows;C:\windows\System32\Wbem;C:\windows\System32\WindowsPowerShell\v1.0\;C:\Program Files (x86)\NVIDIA Corporation\PhysX\Common;C:\WINDOWS\system32;C:\WINDOWS;C:\WINDOWS\System32\Wbem;C:\WINDOWS\System32\WindowsPowerShell\v1.0\;C:\Program Files\Microsoft\Web Platform Installer\;C:\Program Files (x86)\Microsoft ASP.NET\ASP.NET Web Pages\v1.0\;E:\Get\Git\cmd;E:\Git\Git\cmd;C:\Program Files\Microsoft SQL Server\110\Tools\Binn\;E:\小乌龟可视化\bin;C:\Program Files (x86)\Microsoft SQL Server\140\Tools\Binn\;C:\Program Files\Microsoft SQL Server\140\Tools\Binn\;C:\Program Files (x86)\Microsoft SQL Server\140\DTS\Binn\;C:\Program Files\Microsoft SQL Server\140\DTS\Binn\;C:\Program Files\Microsoft SQL Server\Client SDK\ODBC\130\Tools\Binn\;C:\Program Files (x86)\Microsoft SQL Server\Client SDK\ODBC\130\Tools\Binn\;C:\Program Files (x86)\Microsoft SQL Server\140\Tools\Binn\ManagementStudio\;C:\WINDOWS\System32\OpenSSH\;E:\JS-advanced\nvm\nvm;C:\Program Files\nodejs;E:\JS-advanced;E:\BaiduNetdiskDownload\Microsoft VS Code\bin;E:\AndroidDevTools\android-sdk-windows\platform-tools;E:\AndroidDevTools\android-sdk-windows\tools;E:\AndroidDevTools\gradle-4.5\bin;C:\Users\Administrator\AppData\Local\Programs\Python\Python38-32\Scripts\;C:\Users\Administrator\AppData\Local\Programs\Python\Python38-32\;C:\Users\Administrator\AppData\Local\Microsoft\WindowsApps;E:\BaiduNetdiskDownload\Microsoft VS Code\bin;C:\Users\Administrator\AppData\Roaming\npm;E:\JS-advanced\nvm\nvm;C:\Program Files\nodejs;C:\ProgramData\Microsoft\Windows\Start Menu\Programs\Node.js;C:\ProgramData\Microsoft\Windows\Start Menu\Programs\Node.js;C:\Program Files\Java\jdk1.8.0_161\bin;;.]
2019-12-25 17:30:57.355 [localhost-startStop-1] INFO  org.apache.catalina.core.ContainerBase.[Tomcat].[localhost].[/] - Initializing Spring embedded WebApplicationContext
2019-12-25 17:30:57.355 [localhost-startStop-1] INFO  org.springframework.web.context.ContextLoader - Root WebApplicationContext: initialization completed in 18558 ms
2019-12-25 17:31:11.529 [cluster-ClusterId{value='5e032c4b6f2bd132e84a6a0a', description='null'}-travelproject.top:27017] INFO  org.mongodb.driver.cluster - Exception in monitor thread while connecting to server travelproject.top:27017
com.mongodb.MongoSocketOpenException: Exception opening socket
	at com.mongodb.connection.SocketStream.open(SocketStream.java:62)
	at com.mongodb.connection.InternalStreamConnection.open(InternalStreamConnection.java:126)
	at com.mongodb.connection.DefaultServerMonitor$ServerMonitorRunnable.run(DefaultServerMonitor.java:114)
	at java.lang.Thread.run(Thread.java:748)
Caused by: java.net.SocketTimeoutException: connect timed out
	at java.net.DualStackPlainSocketImpl.waitForConnect(Native Method)
	at java.net.DualStackPlainSocketImpl.socketConnect(DualStackPlainSocketImpl.java:85)
	at java.net.AbstractPlainSocketImpl.doConnect(AbstractPlainSocketImpl.java:350)
	at java.net.AbstractPlainSocketImpl.connectToAddress(AbstractPlainSocketImpl.java:206)
	at java.net.AbstractPlainSocketImpl.connect(AbstractPlainSocketImpl.java:188)
	at java.net.PlainSocketImpl.connect(PlainSocketImpl.java:172)
	at java.net.SocksSocketImpl.connect(SocksSocketImpl.java:392)
	at java.net.Socket.connect(Socket.java:589)
	at com.mongodb.connection.SocketStreamHelper.initialize(SocketStreamHelper.java:59)
	at com.mongodb.connection.SocketStream.open(SocketStream.java:57)
	... 3 common frames omitted
2019-12-25 17:31:14.099 [localhost-startStop-1] INFO  org.springframework.boot.web.servlet.ServletRegistrationBean - Servlet dispatcherServlet mapped to [/]
2019-12-25 17:31:14.149 [localhost-startStop-1] INFO  org.springframework.boot.web.servlet.FilterRegistrationBean - Mapping filter: 'characterEncodingFilter' to: [/*]
2019-12-25 17:31:14.149 [localhost-startStop-1] INFO  org.springframework.boot.web.servlet.FilterRegistrationBean - Mapping filter: 'hiddenHttpMethodFilter' to: [/*]
2019-12-25 17:31:14.149 [localhost-startStop-1] INFO  org.springframework.boot.web.servlet.FilterRegistrationBean - Mapping filter: 'httpPutFormContentFilter' to: [/*]
2019-12-25 17:31:14.149 [localhost-startStop-1] INFO  org.springframework.boot.web.servlet.FilterRegistrationBean - Mapping filter: 'requestContextFilter' to: [/*]
2019-12-25 17:31:14.149 [localhost-startStop-1] INFO  org.springframework.boot.web.servlet.FilterRegistrationBean - Mapping filter: 'httpTraceFilter' to: [/*]
2019-12-25 17:31:14.149 [localhost-startStop-1] INFO  org.springframework.boot.web.servlet.FilterRegistrationBean - Mapping filter: 'webMvcMetricsFilter' to: [/*]
2019-12-25 17:31:14.813 [restartedMain] INFO  com.netflix.config.sources.URLConfigurationSource - To enable URLs as dynamic configuration sources, define System property archaius.configurationSource.additionalUrls or make config.properties available on classpath.
2019-12-25 17:31:14.833 [restartedMain] INFO  com.netflix.config.sources.URLConfigurationSource - To enable URLs as dynamic configuration sources, define System property archaius.configurationSource.additionalUrls or make config.properties available on classpath.
2019-12-25 17:31:15.405 [restartedMain] INFO  org.springframework.web.servlet.handler.SimpleUrlHandlerMapping - Mapped URL path [/**/favicon.ico] onto handler of type [class org.springframework.web.servlet.resource.ResourceHttpRequestHandler]
2019-12-25 17:31:16.885 [restartedMain] INFO  org.springframework.web.servlet.mvc.method.annotation.RequestMappingHandlerAdapter - Looking for @ControllerAdvice: org.springframework.boot.web.servlet.context.AnnotationConfigServletWebServerApplicationContext@549032f4: startup date [Wed Dec 25 17:30:13 CST 2019]; parent: org.springframework.context.annotation.AnnotationConfigApplicationContext@25fc332b
2019-12-25 17:31:17.154 [restartedMain] INFO  org.springframework.web.servlet.mvc.method.annotation.RequestMappingHandlerMapping - Mapped "{[/information/crunchies/list],methods=[GET]}" onto public java.util.List<com.travel.api.beans.CrunchiesEntity> com.travel.api.controller.home.CrunchiesController.list()
2019-12-25 17:31:17.164 [restartedMain] INFO  org.springframework.web.servlet.mvc.method.annotation.RequestMappingHandlerMapping - Mapped "{[/information/crunchies/save],methods=[POST]}" onto public void com.travel.api.controller.home.CrunchiesController.save(java.util.List<com.travel.api.beans.CrunchiesEntity>)
2019-12-25 17:31:17.164 [restartedMain] INFO  org.springframework.web.servlet.mvc.method.annotation.RequestMappingHandlerMapping - Mapped "{[/information/icon/list],methods=[GET]}" onto public java.util.List<com.travel.api.beans.IconEntity> com.travel.api.controller.home.IconController.list()
2019-12-25 17:31:17.164 [restartedMain] INFO  org.springframework.web.servlet.mvc.method.annotation.RequestMappingHandlerMapping - Mapped "{[/information/icon/save],methods=[POST]}" onto public void com.travel.api.controller.home.IconController.save(java.util.List<com.travel.api.beans.IconEntity>)
2019-12-25 17:31:17.164 [restartedMain] INFO  org.springframework.web.servlet.mvc.method.annotation.RequestMappingHandlerMapping - Mapped "{[/information/recommend/list],methods=[GET]}" onto public java.util.List<com.travel.api.beans.RecommendEntity> com.travel.api.controller.home.RecommendController.list()
2019-12-25 17:31:17.164 [restartedMain] INFO  org.springframework.web.servlet.mvc.method.annotation.RequestMappingHandlerMapping - Mapped "{[/information/recommend/save],methods=[POST]}" onto public void com.travel.api.controller.home.RecommendController.save(java.util.List<com.travel.api.beans.RecommendEntity>)
2019-12-25 17:31:17.174 [restartedMain] INFO  org.springframework.web.servlet.mvc.method.annotation.RequestMappingHandlerMapping - Mapped "{[/information/swiper/list],methods=[GET]}" onto public java.util.List<com.travel.api.beans.SwiperEntity> com.travel.api.controller.home.SwiperController.list()
2019-12-25 17:31:17.174 [restartedMain] INFO  org.springframework.web.servlet.mvc.method.annotation.RequestMappingHandlerMapping - Mapped "{[/information/swiper/save],methods=[POST]}" onto public void com.travel.api.controller.home.SwiperController.save(java.util.List<com.travel.api.beans.SwiperEntity>)
2019-12-25 17:31:17.174 [restartedMain] INFO  org.springframework.web.servlet.mvc.method.annotation.RequestMappingHandlerMapping - Mapped "{[/information/weekend/list],methods=[GET]}" onto public java.util.List<com.travel.api.beans.WeekendEntity> com.travel.api.controller.home.WeekendCtroller.list()
2019-12-25 17:31:17.174 [restartedMain] INFO  org.springframework.web.servlet.mvc.method.annotation.RequestMappingHandlerMapping - Mapped "{[/information/weekend/save],methods=[POST]}" onto public void com.travel.api.controller.home.WeekendCtroller.save(java.util.List<com.travel.api.beans.WeekendEntity>)
2019-12-25 17:31:17.184 [restartedMain] INFO  org.springframework.web.servlet.mvc.method.annotation.RequestMappingHandlerMapping - Mapped "{[/error]}" onto public org.springframework.http.ResponseEntity<java.util.Map<java.lang.String, java.lang.Object>> org.springframework.boot.autoconfigure.web.servlet.error.BasicErrorController.error(javax.servlet.http.HttpServletRequest)
2019-12-25 17:31:17.184 [restartedMain] INFO  org.springframework.web.servlet.mvc.method.annotation.RequestMappingHandlerMapping - Mapped "{[/error],produces=[text/html]}" onto public org.springframework.web.servlet.ModelAndView org.springframework.boot.autoconfigure.web.servlet.error.BasicErrorController.errorHtml(javax.servlet.http.HttpServletRequest,javax.servlet.http.HttpServletResponse)
2019-12-25 17:31:17.304 [restartedMain] INFO  org.springframework.web.servlet.handler.SimpleUrlHandlerMapping - Mapped URL path [/webjars/**] onto handler of type [class org.springframework.web.servlet.resource.ResourceHttpRequestHandler]
2019-12-25 17:31:17.305 [restartedMain] INFO  org.springframework.web.servlet.handler.SimpleUrlHandlerMapping - Mapped URL path [/**] onto handler of type [class org.springframework.web.servlet.resource.ResourceHttpRequestHandler]
2019-12-25 17:31:19.176 [restartedMain] INFO  org.springframework.ui.freemarker.SpringTemplateLoader - SpringTemplateLoader for FreeMarker: using resource loader [org.springframework.boot.web.servlet.context.AnnotationConfigServletWebServerApplicationContext@549032f4: startup date [Wed Dec 25 17:30:13 CST 2019]; parent: org.springframework.context.annotation.AnnotationConfigApplicationContext@25fc332b] and template loader path [classpath:/templates/]
2019-12-25 17:31:19.184 [restartedMain] INFO  org.springframework.web.servlet.view.freemarker.FreeMarkerConfigurer - ClassTemplateLoader for Spring macros added to FreeMarker configuration
2019-12-25 17:31:20.069 [localhost-startStop-1] INFO  org.springframework.boot.web.servlet.ServletRegistrationBean - Servlet dispatcherServlet mapped to [/]
2019-12-25 17:31:20.089 [localhost-startStop-1] INFO  org.springframework.boot.web.servlet.FilterRegistrationBean - Mapping filter: 'characterEncodingFilter' to: [/*]
2019-12-25 17:31:20.089 [localhost-startStop-1] INFO  org.springframework.boot.web.servlet.FilterRegistrationBean - Mapping filter: 'hiddenHttpMethodFilter' to: [/*]
2019-12-25 17:31:20.089 [localhost-startStop-1] INFO  org.springframework.boot.web.servlet.FilterRegistrationBean - Mapping filter: 'httpPutFormContentFilter' to: [/*]
2019-12-25 17:31:20.089 [localhost-startStop-1] INFO  org.springframework.boot.web.servlet.FilterRegistrationBean - Mapping filter: 'requestContextFilter' to: [/*]
2019-12-25 17:31:20.089 [localhost-startStop-1] INFO  org.springframework.boot.web.servlet.FilterRegistrationBean - Mapping filter: 'httpTraceFilter' to: [/*]
2019-12-25 17:31:20.089 [localhost-startStop-1] INFO  org.springframework.boot.web.servlet.FilterRegistrationBean - Mapping filter: 'webMvcMetricsFilter' to: [/*]
2019-12-25 17:31:20.485 [restartedMain] INFO  org.springframework.boot.actuate.endpoint.web.EndpointLinksResolver - Exposing 2 endpoint(s) beneath base path '/actuator'
2019-12-25 17:31:20.515 [restartedMain] INFO  org.springframework.boot.actuate.endpoint.web.servlet.WebMvcEndpointHandlerMapping - Mapped "{[/actuator/health],methods=[GET],produces=[application/vnd.spring-boot.actuator.v2+json || application/json]}" onto public java.lang.Object org.springframework.boot.actuate.endpoint.web.servlet.AbstractWebMvcEndpointHandlerMapping$OperationHandler.handle(javax.servlet.http.HttpServletRequest,java.util.Map<java.lang.String, java.lang.String>)
2019-12-25 17:31:20.525 [restartedMain] INFO  org.springframework.boot.actuate.endpoint.web.servlet.WebMvcEndpointHandlerMapping - Mapped "{[/actuator/info],methods=[GET],produces=[application/vnd.spring-boot.actuator.v2+json || application/json]}" onto public java.lang.Object org.springframework.boot.actuate.endpoint.web.servlet.AbstractWebMvcEndpointHandlerMapping$OperationHandler.handle(javax.servlet.http.HttpServletRequest,java.util.Map<java.lang.String, java.lang.String>)
2019-12-25 17:31:20.525 [restartedMain] INFO  org.springframework.boot.actuate.endpoint.web.servlet.WebMvcEndpointHandlerMapping - Mapped "{[/actuator],methods=[GET],produces=[application/vnd.spring-boot.actuator.v2+json || application/json]}" onto protected java.util.Map<java.lang.String, java.util.Map<java.lang.String, org.springframework.boot.actuate.endpoint.web.Link>> org.springframework.boot.actuate.endpoint.web.servlet.WebMvcEndpointHandlerMapping.links(javax.servlet.http.HttpServletRequest,javax.servlet.http.HttpServletResponse)
2019-12-25 17:31:20.832 [restartedMain] INFO  org.springframework.jmx.export.annotation.AnnotationMBeanExporter - Registering beans for JMX exposure on startup
2019-12-25 17:31:21.031 [restartedMain] INFO  org.springframework.jmx.export.annotation.AnnotationMBeanExporter - Bean with name 'configurationPropertiesRebinder' has been autodetected for JMX exposure
2019-12-25 17:31:21.114 [restartedMain] INFO  org.springframework.jmx.export.annotation.AnnotationMBeanExporter - Bean with name 'environmentManager' has been autodetected for JMX exposure
2019-12-25 17:31:21.129 [restartedMain] INFO  org.springframework.jmx.export.annotation.AnnotationMBeanExporter - Bean with name 'refreshScope' has been autodetected for JMX exposure
2019-12-25 17:31:21.135 [restartedMain] INFO  org.springframework.jmx.export.annotation.AnnotationMBeanExporter - Located managed bean 'environmentManager': registering with JMX server as MBean [org.springframework.cloud.context.environment:name=environmentManager,type=EnvironmentManager]
2019-12-25 17:31:21.192 [restartedMain] INFO  org.springframework.jmx.export.annotation.AnnotationMBeanExporter - Located managed bean 'refreshScope': registering with JMX server as MBean [org.springframework.cloud.context.scope.refresh:name=refreshScope,type=RefreshScope]
2019-12-25 17:31:21.264 [restartedMain] INFO  org.springframework.jmx.export.annotation.AnnotationMBeanExporter - Located managed bean 'configurationPropertiesRebinder': registering with JMX server as MBean [org.springframework.cloud.context.properties:name=configurationPropertiesRebinder,context=549032f4,type=ConfigurationPropertiesRebinder]
2019-12-25 17:31:21.298 [restartedMain] INFO  org.springframework.context.support.DefaultLifecycleProcessor - Starting beans in phase 0
2019-12-25 17:31:21.320 [restartedMain] INFO  org.springframework.cloud.netflix.eureka.InstanceInfoFactory - Setting initial instance status as: STARTING
2019-12-25 17:31:21.495 [restartedMain] INFO  com.netflix.discovery.DiscoveryClient - Initializing Eureka in region us-east-1
2019-12-25 17:31:21.862 [restartedMain] INFO  com.netflix.config.sources.URLConfigurationSource - To enable URLs as dynamic configuration sources, define System property archaius.configurationSource.additionalUrls or make config.properties available on classpath.
2019-12-25 17:31:21.872 [restartedMain] INFO  com.netflix.config.sources.URLConfigurationSource - To enable URLs as dynamic configuration sources, define System property archaius.configurationSource.additionalUrls or make config.properties available on classpath.
2019-12-25 17:31:21.912 [restartedMain] INFO  com.netflix.discovery.provider.DiscoveryJerseyProvider - Using JSON encoding codec LegacyJacksonJson
2019-12-25 17:31:21.912 [restartedMain] INFO  com.netflix.discovery.provider.DiscoveryJerseyProvider - Using JSON decoding codec LegacyJacksonJson
2019-12-25 17:31:22.273 [restartedMain] INFO  com.netflix.discovery.provider.DiscoveryJerseyProvider - Using XML encoding codec XStreamXml
2019-12-25 17:31:22.273 [restartedMain] INFO  com.netflix.discovery.provider.DiscoveryJerseyProvider - Using XML decoding codec XStreamXml
2019-12-25 17:31:22.543 [restartedMain] INFO  org.springframework.web.servlet.handler.SimpleUrlHandlerMapping - Mapped URL path [/**/favicon.ico] onto handler of type [class org.springframework.web.servlet.resource.ResourceHttpRequestHandler]
2019-12-25 17:31:23.618 [restartedMain] INFO  com.netflix.discovery.shared.resolver.aws.ConfigClusterResolver - Resolving eureka endpoints via configuration
2019-12-25 17:31:24.757 [restartedMain] INFO  org.springframework.web.servlet.mvc.method.annotation.RequestMappingHandlerAdapter - Looking for @ControllerAdvice: org.springframework.boot.web.servlet.context.AnnotationConfigServletWebServerApplicationContext@5249d492: startup date [Wed Dec 25 17:30:38 CST 2019]; parent: org.springframework.context.annotation.AnnotationConfigApplicationContext@1ca50b50
2019-12-25 17:31:25.204 [restartedMain] INFO  org.springframework.web.servlet.mvc.method.annotation.RequestMappingHandlerMapping - Mapped "{[/message/sendSMS],methods=[GET]}" onto public java.util.Map<java.lang.String, java.lang.Object> com.travel.api.controller.MessageController.sendSMS(java.lang.String)
2019-12-25 17:31:25.207 [restartedMain] INFO  org.springframework.web.servlet.mvc.method.annotation.RequestMappingHandlerMapping - Mapped "{[/message/validationEmail],methods=[POST]}" onto public java.util.Map<java.lang.String, java.lang.Object> com.travel.api.controller.MessageController.validationEmail(com.travel.api.beans.request.message.EmailRequest)
2019-12-25 17:31:25.208 [restartedMain] INFO  org.springframework.web.servlet.mvc.method.annotation.RequestMappingHandlerMapping - Mapped "{[/message/sendEmail],methods=[GET]}" onto public java.util.Map<java.lang.String, java.lang.Object> com.travel.api.controller.MessageController.sendEmail(java.lang.String)
2019-12-25 17:31:25.208 [restartedMain] INFO  org.springframework.web.servlet.mvc.method.annotation.RequestMappingHandlerMapping - Mapped "{[/message/validationSMS],methods=[POST]}" onto public java.util.Map<java.lang.String, java.lang.Object> com.travel.api.controller.MessageController.validationSMS(com.travel.api.beans.request.message.SMSRequest)
2019-12-25 17:31:25.214 [restartedMain] INFO  org.springframework.web.servlet.mvc.method.annotation.RequestMappingHandlerMapping - Mapped "{[/error]}" onto public org.springframework.http.ResponseEntity<java.util.Map<java.lang.String, java.lang.Object>> org.springframework.boot.autoconfigure.web.servlet.error.BasicErrorController.error(javax.servlet.http.HttpServletRequest)
2019-12-25 17:31:25.215 [restartedMain] INFO  org.springframework.web.servlet.mvc.method.annotation.RequestMappingHandlerMapping - Mapped "{[/error],produces=[text/html]}" onto public org.springframework.web.servlet.ModelAndView org.springframework.boot.autoconfigure.web.servlet.error.BasicErrorController.errorHtml(javax.servlet.http.HttpServletRequest,javax.servlet.http.HttpServletResponse)
2019-12-25 17:31:25.502 [restartedMain] INFO  org.springframework.web.servlet.handler.SimpleUrlHandlerMapping - Mapped URL path [/webjars/**] onto handler of type [class org.springframework.web.servlet.resource.ResourceHttpRequestHandler]
2019-12-25 17:31:25.502 [restartedMain] INFO  org.springframework.web.servlet.handler.SimpleUrlHandlerMapping - Mapped URL path [/**] onto handler of type [class org.springframework.web.servlet.resource.ResourceHttpRequestHandler]
2019-12-25 17:31:26.945 [restartedMain] INFO  com.netflix.discovery.DiscoveryClient - Disable delta property : false
2019-12-25 17:31:26.945 [restartedMain] INFO  com.netflix.discovery.DiscoveryClient - Single vip registry refresh property : null
2019-12-25 17:31:26.945 [restartedMain] INFO  com.netflix.discovery.DiscoveryClient - Force full registry fetch : false
2019-12-25 17:31:26.945 [restartedMain] INFO  com.netflix.discovery.DiscoveryClient - Application is null : false
2019-12-25 17:31:26.945 [restartedMain] INFO  com.netflix.discovery.DiscoveryClient - Registered Applications size is zero : true
2019-12-25 17:31:26.945 [restartedMain] INFO  com.netflix.discovery.DiscoveryClient - Application version is -1: true
2019-12-25 17:31:26.945 [restartedMain] INFO  com.netflix.discovery.DiscoveryClient - Getting all instance registry info from the eureka server
2019-12-25 17:31:27.391 [restartedMain] INFO  com.netflix.discovery.DiscoveryClient - The response status is 200
2019-12-25 17:31:27.398 [restartedMain] INFO  com.netflix.discovery.DiscoveryClient - Starting heartbeat executor: renew interval is: 5
2019-12-25 17:31:27.404 [restartedMain] INFO  com.netflix.discovery.InstanceInfoReplicator - InstanceInfoReplicator onDemand update allowed rate per min is 4
2019-12-25 17:31:27.418 [restartedMain] INFO  com.netflix.discovery.DiscoveryClient - Discovery Client initialized at timestamp 1577266287410 with initial instances count: 2
2019-12-25 17:31:27.430 [restartedMain] INFO  org.springframework.cloud.netflix.eureka.serviceregistry.EurekaServiceRegistry - Registering application api-information with eureka with status UP
2019-12-25 17:31:27.432 [restartedMain] INFO  com.netflix.discovery.DiscoveryClient - Saw local status change event StatusChangeEvent [timestamp=1577266287431, current=UP, previous=STARTING]
2019-12-25 17:31:27.435 [DiscoveryClient-InstanceInfoReplicator-0] INFO  com.netflix.discovery.DiscoveryClient - DiscoveryClient_API-INFORMATION/AFODY-610041329:api-information:10003: registering service...
2019-12-25 17:31:27.502 [restartedMain] INFO  org.apache.coyote.http11.Http11NioProtocol - Starting ProtocolHandler ["http-nio-10003"]
2019-12-25 17:31:27.526 [DiscoveryClient-InstanceInfoReplicator-0] INFO  com.netflix.discovery.DiscoveryClient - DiscoveryClient_API-INFORMATION/AFODY-610041329:api-information:10003 - registration status: 204
2019-12-25 17:31:27.568 [restartedMain] INFO  org.apache.tomcat.util.net.NioSelectorPool - Using a shared selector for servlet write/read
2019-12-25 17:31:27.645 [restartedMain] INFO  org.springframework.boot.web.embedded.tomcat.TomcatWebServer - Tomcat started on port(s): 10003 (http) with context path ''
2019-12-25 17:31:27.647 [restartedMain] INFO  org.springframework.cloud.netflix.eureka.serviceregistry.EurekaAutoServiceRegistration - Updating port to 10003
2019-12-25 17:31:27.668 [restartedMain] INFO  com.travel.api.InformationApplication - Started InformationApplication in 107.501 seconds (JVM running for 130.518)
2019-12-25 17:31:28.982 [restartedMain] INFO  org.springframework.ui.freemarker.SpringTemplateLoader - SpringTemplateLoader for FreeMarker: using resource loader [org.springframework.boot.web.servlet.context.AnnotationConfigServletWebServerApplicationContext@5249d492: startup date [Wed Dec 25 17:30:38 CST 2019]; parent: org.springframework.context.annotation.AnnotationConfigApplicationContext@1ca50b50] and template loader path [classpath:/templates/]
2019-12-25 17:31:28.987 [restartedMain] INFO  org.springframework.web.servlet.view.freemarker.FreeMarkerConfigurer - ClassTemplateLoader for Spring macros added to FreeMarker configuration
2019-12-25 17:31:30.762 [restartedMain] INFO  org.springframework.boot.actuate.endpoint.web.EndpointLinksResolver - Exposing 2 endpoint(s) beneath base path '/actuator'
2019-12-25 17:31:30.782 [restartedMain] INFO  org.springframework.boot.actuate.endpoint.web.servlet.WebMvcEndpointHandlerMapping - Mapped "{[/actuator/health],methods=[GET],produces=[application/vnd.spring-boot.actuator.v2+json || application/json]}" onto public java.lang.Object org.springframework.boot.actuate.endpoint.web.servlet.AbstractWebMvcEndpointHandlerMapping$OperationHandler.handle(javax.servlet.http.HttpServletRequest,java.util.Map<java.lang.String, java.lang.String>)
2019-12-25 17:31:30.792 [restartedMain] INFO  org.springframework.boot.actuate.endpoint.web.servlet.WebMvcEndpointHandlerMapping - Mapped "{[/actuator/info],methods=[GET],produces=[application/vnd.spring-boot.actuator.v2+json || application/json]}" onto public java.lang.Object org.springframework.boot.actuate.endpoint.web.servlet.AbstractWebMvcEndpointHandlerMapping$OperationHandler.handle(javax.servlet.http.HttpServletRequest,java.util.Map<java.lang.String, java.lang.String>)
2019-12-25 17:31:30.792 [restartedMain] INFO  org.springframework.boot.actuate.endpoint.web.servlet.WebMvcEndpointHandlerMapping - Mapped "{[/actuator],methods=[GET],produces=[application/vnd.spring-boot.actuator.v2+json || application/json]}" onto protected java.util.Map<java.lang.String, java.util.Map<java.lang.String, org.springframework.boot.actuate.endpoint.web.Link>> org.springframework.boot.actuate.endpoint.web.servlet.WebMvcEndpointHandlerMapping.links(javax.servlet.http.HttpServletRequest,javax.servlet.http.HttpServletResponse)
2019-12-25 17:31:31.092 [restartedMain] INFO  org.springframework.jmx.export.annotation.AnnotationMBeanExporter - Registering beans for JMX exposure on startup
2019-12-25 17:31:31.092 [restartedMain] INFO  org.springframework.jmx.export.annotation.AnnotationMBeanExporter - Bean with name 'dataSource' has been autodetected for JMX exposure
2019-12-25 17:31:31.112 [restartedMain] INFO  org.springframework.jmx.export.annotation.AnnotationMBeanExporter - Bean with name 'configurationPropertiesRebinder' has been autodetected for JMX exposure
2019-12-25 17:31:31.112 [restartedMain] INFO  org.springframework.jmx.export.annotation.AnnotationMBeanExporter - Bean with name 'environmentManager' has been autodetected for JMX exposure
2019-12-25 17:31:31.122 [restartedMain] INFO  org.springframework.jmx.export.annotation.AnnotationMBeanExporter - Bean with name 'refreshScope' has been autodetected for JMX exposure
2019-12-25 17:31:31.122 [restartedMain] INFO  org.springframework.jmx.export.annotation.AnnotationMBeanExporter - Located managed bean 'environmentManager': registering with JMX server as MBean [org.springframework.cloud.context.environment:name=environmentManager,type=EnvironmentManager]
2019-12-25 17:31:31.141 [restartedMain] INFO  org.springframework.jmx.export.annotation.AnnotationMBeanExporter - Located managed bean 'refreshScope': registering with JMX server as MBean [org.springframework.cloud.context.scope.refresh:name=refreshScope,type=RefreshScope]
2019-12-25 17:31:31.161 [restartedMain] INFO  org.springframework.jmx.export.annotation.AnnotationMBeanExporter - Located managed bean 'configurationPropertiesRebinder': registering with JMX server as MBean [org.springframework.cloud.context.properties:name=configurationPropertiesRebinder,context=5249d492,type=ConfigurationPropertiesRebinder]
2019-12-25 17:31:31.181 [restartedMain] INFO  org.springframework.jmx.export.annotation.AnnotationMBeanExporter - Located MBean 'dataSource': registering with JMX server as MBean [com.alibaba.druid.pool:name=dataSource,type=DruidDataSource]
2019-12-25 17:31:31.191 [restartedMain] INFO  org.springframework.context.support.DefaultLifecycleProcessor - Starting beans in phase 0
2019-12-25 17:31:31.211 [restartedMain] INFO  org.springframework.cloud.netflix.eureka.InstanceInfoFactory - Setting initial instance status as: STARTING
2019-12-25 17:31:31.301 [restartedMain] INFO  com.netflix.discovery.DiscoveryClient - Initializing Eureka in region us-east-1
2019-12-25 17:31:35.255 [restartedMain] INFO  com.netflix.discovery.provider.DiscoveryJerseyProvider - Using JSON encoding codec LegacyJacksonJson
2019-12-25 17:31:35.255 [restartedMain] INFO  com.netflix.discovery.provider.DiscoveryJerseyProvider - Using JSON decoding codec LegacyJacksonJson
2019-12-25 17:31:35.565 [restartedMain] INFO  com.netflix.discovery.provider.DiscoveryJerseyProvider - Using XML encoding codec XStreamXml
2019-12-25 17:31:35.565 [restartedMain] INFO  com.netflix.discovery.provider.DiscoveryJerseyProvider - Using XML decoding codec XStreamXml
2019-12-25 17:31:36.350 [restartedMain] INFO  com.netflix.discovery.shared.resolver.aws.ConfigClusterResolver - Resolving eureka endpoints via configuration
2019-12-25 17:31:38.609 [restartedMain] INFO  com.netflix.discovery.DiscoveryClient - Disable delta property : false
2019-12-25 17:31:38.610 [restartedMain] INFO  com.netflix.discovery.DiscoveryClient - Single vip registry refresh property : null
2019-12-25 17:31:38.610 [restartedMain] INFO  com.netflix.discovery.DiscoveryClient - Force full registry fetch : false
2019-12-25 17:31:38.610 [restartedMain] INFO  com.netflix.discovery.DiscoveryClient - Application is null : false
2019-12-25 17:31:38.610 [restartedMain] INFO  com.netflix.discovery.DiscoveryClient - Registered Applications size is zero : true
2019-12-25 17:31:38.610 [restartedMain] INFO  com.netflix.discovery.DiscoveryClient - Application version is -1: true
2019-12-25 17:31:38.610 [restartedMain] INFO  com.netflix.discovery.DiscoveryClient - Getting all instance registry info from the eureka server
2019-12-25 17:31:39.574 [restartedMain] INFO  com.netflix.discovery.DiscoveryClient - The response status is 200
2019-12-25 17:31:39.581 [restartedMain] INFO  com.netflix.discovery.DiscoveryClient - Starting heartbeat executor: renew interval is: 5
2019-12-25 17:31:39.586 [restartedMain] INFO  com.netflix.discovery.InstanceInfoReplicator - InstanceInfoReplicator onDemand update allowed rate per min is 4
2019-12-25 17:31:39.598 [restartedMain] INFO  com.netflix.discovery.DiscoveryClient - Discovery Client initialized at timestamp 1577266299593 with initial instances count: 4
2019-12-25 17:31:39.626 [restartedMain] INFO  org.springframework.cloud.netflix.eureka.serviceregistry.EurekaServiceRegistry - Registering application api-message with eureka with status UP
2019-12-25 17:31:39.628 [restartedMain] INFO  com.netflix.discovery.DiscoveryClient - Saw local status change event StatusChangeEvent [timestamp=1577266299628, current=UP, previous=STARTING]
2019-12-25 17:31:39.632 [DiscoveryClient-InstanceInfoReplicator-0] INFO  com.netflix.discovery.DiscoveryClient - DiscoveryClient_API-MESSAGE/AFODY-610041329:api-message:10001: registering service...
2019-12-25 17:31:39.730 [restartedMain] INFO  org.apache.coyote.http11.Http11NioProtocol - Starting ProtocolHandler ["http-nio-10001"]
2019-12-25 17:31:39.759 [DiscoveryClient-InstanceInfoReplicator-0] INFO  com.netflix.discovery.DiscoveryClient - DiscoveryClient_API-MESSAGE/AFODY-610041329:api-message:10001 - registration status: 204
2019-12-25 17:31:39.778 [restartedMain] INFO  org.apache.tomcat.util.net.NioSelectorPool - Using a shared selector for servlet write/read
2019-12-25 17:31:39.834 [restartedMain] INFO  org.springframework.boot.web.embedded.tomcat.TomcatWebServer - Tomcat started on port(s): 10001 (http) with context path ''
2019-12-25 17:31:39.843 [restartedMain] INFO  org.springframework.cloud.netflix.eureka.serviceregistry.EurekaAutoServiceRegistration - Updating port to 10001
2019-12-25 17:31:39.874 [restartedMain] INFO  com.travel.api.MessageApplication - Started MessageApplication in 94.246 seconds (JVM running for 120.999)
2019-12-25 17:36:26.975 [AsyncResolver-bootstrap-executor-0] INFO  com.netflix.discovery.shared.resolver.aws.ConfigClusterResolver - Resolving eureka endpoints via configuration
2019-12-25 17:36:38.642 [AsyncResolver-bootstrap-executor-0] INFO  com.netflix.discovery.shared.resolver.aws.ConfigClusterResolver - Resolving eureka endpoints via configuration
2019-12-25 17:37:09.734 [http-nio-10003-exec-1] INFO  org.apache.catalina.core.ContainerBase.[Tomcat].[localhost].[/] - Initializing Spring FrameworkServlet 'dispatcherServlet'
2019-12-25 17:37:09.744 [http-nio-10003-exec-1] INFO  org.springframework.web.servlet.DispatcherServlet - FrameworkServlet 'dispatcherServlet': initialization started
2019-12-25 17:37:11.037 [http-nio-10003-exec-1] INFO  org.springframework.web.servlet.DispatcherServlet - FrameworkServlet 'dispatcherServlet': initialization completed in 1283 ms
2019-12-25 17:37:11.949 [http-nio-10003-exec-1] INFO  org.mongodb.driver.cluster - Cluster description not yet available. Waiting for 30000 ms before timing out
2019-12-25 17:37:38.664 [http-nio-10003-exec-2] INFO  org.mongodb.driver.cluster - Cluster description not yet available. Waiting for 30000 ms before timing out
2019-12-25 17:37:41.102 [http-nio-10003-exec-3] INFO  org.mongodb.driver.cluster - Cluster description not yet available. Waiting for 30000 ms before timing out
2019-12-25 17:38:11.141 [http-nio-10003-exec-4] INFO  org.mongodb.driver.cluster - Cluster description not yet available. Waiting for 30000 ms before timing out
2019-12-25 17:40:28.587 [http-nio-10001-exec-1] INFO  org.apache.catalina.core.ContainerBase.[Tomcat].[localhost].[/] - Initializing Spring FrameworkServlet 'dispatcherServlet'
2019-12-25 17:40:28.597 [http-nio-10001-exec-1] INFO  org.springframework.web.servlet.DispatcherServlet - FrameworkServlet 'dispatcherServlet': initialization started
2019-12-25 17:40:29.057 [http-nio-10001-exec-1] INFO  org.springframework.web.servlet.DispatcherServlet - FrameworkServlet 'dispatcherServlet': initialization completed in 460 ms
2019-12-25 17:40:29.857 [http-nio-10001-exec-1] INFO  io.lettuce.core.EpollProvider - Starting without optional epoll library
2019-12-25 17:40:29.867 [http-nio-10001-exec-1] INFO  io.lettuce.core.KqueueProvider - Starting without optional kqueue library
2019-12-25 17:41:27.013 [AsyncResolver-bootstrap-executor-0] INFO  com.netflix.discovery.shared.resolver.aws.ConfigClusterResolver - Resolving eureka endpoints via configuration
2019-12-25 17:41:38.673 [AsyncResolver-bootstrap-executor-0] INFO  com.netflix.discovery.shared.resolver.aws.ConfigClusterResolver - Resolving eureka endpoints via configuration
2019-12-25 17:46:27.020 [AsyncResolver-bootstrap-executor-0] INFO  com.netflix.discovery.shared.resolver.aws.ConfigClusterResolver - Resolving eureka endpoints via configuration
2019-12-25 17:46:38.681 [AsyncResolver-bootstrap-executor-0] INFO  com.netflix.discovery.shared.resolver.aws.ConfigClusterResolver - Resolving eureka endpoints via configuration
2019-12-25 17:51:27.029 [AsyncResolver-bootstrap-executor-0] INFO  com.netflix.discovery.shared.resolver.aws.ConfigClusterResolver - Resolving eureka endpoints via configuration
2019-12-25 17:51:38.716 [AsyncResolver-bootstrap-executor-0] INFO  com.netflix.discovery.shared.resolver.aws.ConfigClusterResolver - Resolving eureka endpoints via configuration
2019-12-25 17:55:05.887 [cluster-ClusterId{value='5e032c4b6f2bd132e84a6a0a', description='null'}-travelproject.top:27017] INFO  org.mongodb.driver.cluster - Exception in monitor thread while connecting to server travelproject.top:27017
com.mongodb.MongoSocketException: travelproject.top
	at com.mongodb.ServerAddress.getSocketAddress(ServerAddress.java:188)
	at com.mongodb.connection.SocketStreamHelper.initialize(SocketStreamHelper.java:59)
	at com.mongodb.connection.SocketStream.open(SocketStream.java:57)
	at com.mongodb.connection.InternalStreamConnection.open(InternalStreamConnection.java:126)
	at com.mongodb.connection.DefaultServerMonitor$ServerMonitorRunnable.run(DefaultServerMonitor.java:114)
	at java.lang.Thread.run(Thread.java:748)
Caused by: java.net.UnknownHostException: travelproject.top
	at java.net.Inet6AddressImpl.lookupAllHostAddr(Native Method)
	at java.net.InetAddress$2.lookupAllHostAddr(InetAddress.java:928)
	at java.net.InetAddress.getAddressesFromNameService(InetAddress.java:1323)
	at java.net.InetAddress.getAllByName0(InetAddress.java:1276)
	at java.net.InetAddress.getAllByName(InetAddress.java:1192)
	at java.net.InetAddress.getAllByName(InetAddress.java:1126)
	at java.net.InetAddress.getByName(InetAddress.java:1076)
	at com.mongodb.ServerAddress.getSocketAddress(ServerAddress.java:186)
	... 5 common frames omitted
2019-12-25 17:56:27.037 [AsyncResolver-bootstrap-executor-0] INFO  com.netflix.discovery.shared.resolver.aws.ConfigClusterResolver - Resolving eureka endpoints via configuration
2019-12-25 17:56:38.728 [AsyncResolver-bootstrap-executor-0] INFO  com.netflix.discovery.shared.resolver.aws.ConfigClusterResolver - Resolving eureka endpoints via configuration
2019-12-25 18:01:27.041 [AsyncResolver-bootstrap-executor-0] INFO  com.netflix.discovery.shared.resolver.aws.ConfigClusterResolver - Resolving eureka endpoints via configuration
2019-12-25 18:01:38.730 [AsyncResolver-bootstrap-executor-0] INFO  com.netflix.discovery.shared.resolver.aws.ConfigClusterResolver - Resolving eureka endpoints via configuration
2019-12-25 18:06:27.058 [AsyncResolver-bootstrap-executor-0] INFO  com.netflix.discovery.shared.resolver.aws.ConfigClusterResolver - Resolving eureka endpoints via configuration
2019-12-25 18:06:38.739 [AsyncResolver-bootstrap-executor-0] INFO  com.netflix.discovery.shared.resolver.aws.ConfigClusterResolver - Resolving eureka endpoints via configuration
2019-12-25 18:11:27.065 [AsyncResolver-bootstrap-executor-0] INFO  com.netflix.discovery.shared.resolver.aws.ConfigClusterResolver - Resolving eureka endpoints via configuration
2019-12-25 18:11:38.748 [AsyncResolver-bootstrap-executor-0] INFO  com.netflix.discovery.shared.resolver.aws.ConfigClusterResolver - Resolving eureka endpoints via configuration
2019-12-25 18:16:27.069 [AsyncResolver-bootstrap-executor-0] INFO  com.netflix.discovery.shared.resolver.aws.ConfigClusterResolver - Resolving eureka endpoints via configuration
2019-12-25 18:16:38.752 [AsyncResolver-bootstrap-executor-0] INFO  com.netflix.discovery.shared.resolver.aws.ConfigClusterResolver - Resolving eureka endpoints via configuration
2019-12-25 18:21:27.079 [AsyncResolver-bootstrap-executor-0] INFO  com.netflix.discovery.shared.resolver.aws.ConfigClusterResolver - Resolving eureka endpoints via configuration
2019-12-25 18:21:38.761 [AsyncResolver-bootstrap-executor-0] INFO  com.netflix.discovery.shared.resolver.aws.ConfigClusterResolver - Resolving eureka endpoints via configuration
2019-12-25 18:26:27.086 [AsyncResolver-bootstrap-executor-0] INFO  com.netflix.discovery.shared.resolver.aws.ConfigClusterResolver - Resolving eureka endpoints via configuration
2019-12-25 18:26:38.771 [AsyncResolver-bootstrap-executor-0] INFO  com.netflix.discovery.shared.resolver.aws.ConfigClusterResolver - Resolving eureka endpoints via configuration
2019-12-25 18:31:27.096 [AsyncResolver-bootstrap-executor-0] INFO  com.netflix.discovery.shared.resolver.aws.ConfigClusterResolver - Resolving eureka endpoints via configuration
2019-12-25 18:31:38.777 [AsyncResolver-bootstrap-executor-0] INFO  com.netflix.discovery.shared.resolver.aws.ConfigClusterResolver - Resolving eureka endpoints via configuration
2019-12-25 18:36:27.100 [AsyncResolver-bootstrap-executor-0] INFO  com.netflix.discovery.shared.resolver.aws.ConfigClusterResolver - Resolving eureka endpoints via configuration
2019-12-25 18:36:38.781 [AsyncResolver-bootstrap-executor-0] INFO  com.netflix.discovery.shared.resolver.aws.ConfigClusterResolver - Resolving eureka endpoints via configuration
2019-12-25 18:41:27.109 [AsyncResolver-bootstrap-executor-0] INFO  com.netflix.discovery.shared.resolver.aws.ConfigClusterResolver - Resolving eureka endpoints via configuration
2019-12-25 18:41:38.789 [AsyncResolver-bootstrap-executor-0] INFO  com.netflix.discovery.shared.resolver.aws.ConfigClusterResolver - Resolving eureka endpoints via configuration
2019-12-25 18:46:27.122 [AsyncResolver-bootstrap-executor-0] INFO  com.netflix.discovery.shared.resolver.aws.ConfigClusterResolver - Resolving eureka endpoints via configuration
2019-12-25 18:46:38.795 [AsyncResolver-bootstrap-executor-0] INFO  com.netflix.discovery.shared.resolver.aws.ConfigClusterResolver - Resolving eureka endpoints via configuration
2019-12-25 18:51:27.129 [AsyncResolver-bootstrap-executor-0] INFO  com.netflix.discovery.shared.resolver.aws.ConfigClusterResolver - Resolving eureka endpoints via configuration
2019-12-25 18:51:38.804 [AsyncResolver-bootstrap-executor-0] INFO  com.netflix.discovery.shared.resolver.aws.ConfigClusterResolver - Resolving eureka endpoints via configuration
2019-12-25 18:56:12.490 [cluster-ClusterId{value='5e032c4b6f2bd132e84a6a0a', description='null'}-travelproject.top:27017] INFO  org.mongodb.driver.cluster - Exception in monitor thread while connecting to server travelproject.top:27017
com.mongodb.MongoSocketOpenException: Exception opening socket
	at com.mongodb.connection.SocketStream.open(SocketStream.java:62)
	at com.mongodb.connection.InternalStreamConnection.open(InternalStreamConnection.java:126)
	at com.mongodb.connection.DefaultServerMonitor$ServerMonitorRunnable.run(DefaultServerMonitor.java:114)
	at java.lang.Thread.run(Thread.java:748)
Caused by: java.net.SocketTimeoutException: connect timed out
	at java.net.DualStackPlainSocketImpl.waitForConnect(Native Method)
	at java.net.DualStackPlainSocketImpl.socketConnect(DualStackPlainSocketImpl.java:85)
	at java.net.AbstractPlainSocketImpl.doConnect(AbstractPlainSocketImpl.java:350)
	at java.net.AbstractPlainSocketImpl.connectToAddress(AbstractPlainSocketImpl.java:206)
	at java.net.AbstractPlainSocketImpl.connect(AbstractPlainSocketImpl.java:188)
	at java.net.PlainSocketImpl.connect(PlainSocketImpl.java:172)
	at java.net.SocksSocketImpl.connect(SocksSocketImpl.java:392)
	at java.net.Socket.connect(Socket.java:589)
	at com.mongodb.connection.SocketStreamHelper.initialize(SocketStreamHelper.java:59)
	at com.mongodb.connection.SocketStream.open(SocketStream.java:57)
	... 3 common frames omitted
2019-12-25 18:56:27.135 [AsyncResolver-bootstrap-executor-0] INFO  com.netflix.discovery.shared.resolver.aws.ConfigClusterResolver - Resolving eureka endpoints via configuration
2019-12-25 18:56:38.830 [AsyncResolver-bootstrap-executor-0] INFO  com.netflix.discovery.shared.resolver.aws.ConfigClusterResolver - Resolving eureka endpoints via configuration
2019-12-25 19:01:27.199 [AsyncResolver-bootstrap-executor-0] INFO  com.netflix.discovery.shared.resolver.aws.ConfigClusterResolver - Resolving eureka endpoints via configuration
2019-12-25 19:01:39.418 [AsyncResolver-bootstrap-executor-0] INFO  com.netflix.discovery.shared.resolver.aws.ConfigClusterResolver - Resolving eureka endpoints via configuration
2019-12-25 19:06:27.236 [AsyncResolver-bootstrap-executor-0] INFO  com.netflix.discovery.shared.resolver.aws.ConfigClusterResolver - Resolving eureka endpoints via configuration
2019-12-25 19:06:39.526 [AsyncResolver-bootstrap-executor-0] INFO  com.netflix.discovery.shared.resolver.aws.ConfigClusterResolver - Resolving eureka endpoints via configuration
2019-12-25 19:07:03.497 [http-nio-10003-exec-6] INFO  org.mongodb.driver.cluster - Cluster description not yet available. Waiting for 30000 ms before timing out
2019-12-25 19:07:25.011 [http-nio-10003-exec-5] INFO  org.mongodb.driver.cluster - Cluster description not yet available. Waiting for 30000 ms before timing out
2019-12-25 19:07:33.229 [http-nio-10003-exec-7] INFO  org.mongodb.driver.cluster - Cluster description not yet available. Waiting for 30000 ms before timing out
2019-12-25 19:07:55.012 [http-nio-10003-exec-8] INFO  org.mongodb.driver.cluster - Cluster description not yet available. Waiting for 30000 ms before timing out
2019-12-25 19:11:27.244 [AsyncResolver-bootstrap-executor-0] INFO  com.netflix.discovery.shared.resolver.aws.ConfigClusterResolver - Resolving eureka endpoints via configuration
2019-12-25 19:11:39.534 [AsyncResolver-bootstrap-executor-0] INFO  com.netflix.discovery.shared.resolver.aws.ConfigClusterResolver - Resolving eureka endpoints via configuration
2019-12-25 19:16:27.253 [AsyncResolver-bootstrap-executor-0] INFO  com.netflix.discovery.shared.resolver.aws.ConfigClusterResolver - Resolving eureka endpoints via configuration
2019-12-25 19:16:39.557 [AsyncResolver-bootstrap-executor-0] INFO  com.netflix.discovery.shared.resolver.aws.ConfigClusterResolver - Resolving eureka endpoints via configuration
2019-12-25 19:21:27.298 [AsyncResolver-bootstrap-executor-0] INFO  com.netflix.discovery.shared.resolver.aws.ConfigClusterResolver - Resolving eureka endpoints via configuration
2019-12-25 19:21:39.580 [AsyncResolver-bootstrap-executor-0] INFO  com.netflix.discovery.shared.resolver.aws.ConfigClusterResolver - Resolving eureka endpoints via configuration
2019-12-25 19:25:18.775 [http-nio-10003-exec-9] INFO  org.mongodb.driver.cluster - Cluster description not yet available. Waiting for 30000 ms before timing out
2019-12-25 19:25:48.545 [http-nio-10003-exec-10] INFO  org.mongodb.driver.cluster - Cluster description not yet available. Waiting for 30000 ms before timing out
2019-12-25 19:26:08.704 [http-nio-10003-exec-1] INFO  org.mongodb.driver.cluster - Cluster description not yet available. Waiting for 30000 ms before timing out
2019-12-25 19:26:27.333 [AsyncResolver-bootstrap-executor-0] INFO  com.netflix.discovery.shared.resolver.aws.ConfigClusterResolver - Resolving eureka endpoints via configuration
2019-12-25 19:26:38.709 [http-nio-10003-exec-2] INFO  org.mongodb.driver.cluster - Cluster description not yet available. Waiting for 30000 ms before timing out
2019-12-25 19:26:39.602 [AsyncResolver-bootstrap-executor-0] INFO  com.netflix.discovery.shared.resolver.aws.ConfigClusterResolver - Resolving eureka endpoints via configuration
